<?xml version="1.0" encoding="UTF-8"?>
<!-- Generated by org.testng.reporters.JUnitXMLReporter -->
<testsuite hostname="fedora16" name="Default test" tests="320" failures="0" timestamp="17 Jun 2013 07:09:03 GMT" time="0.989" errors="0">
  <testcase name="test_racEnabled" time="0.058" classname="jml.javax.safetycritical.RelativeTime_JML_Test"/>
  <testcase name="test_RelativeTime__0" time="0.003" classname="jml.javax.safetycritical.RelativeTime_JML_Test"/>
  <testcase name="test_RelativeTime__Clock_clock__25" time="0.0" classname="jml.javax.safetycritical.RelativeTime_JML_Test"/>
  <testcase name="test_RelativeTime__Clock_clock__25" time="0.0" classname="jml.javax.safetycritical.RelativeTime_JML_Test"/>
  <testcase name="test_RelativeTime__RelativeTime_time__25" time="0.001" classname="jml.javax.safetycritical.RelativeTime_JML_Test"/>
  <testcase name="test_RelativeTime__RelativeTime_time__25" time="0.001" classname="jml.javax.safetycritical.RelativeTime_JML_Test"/>
  <testcase name="test_RelativeTime__long_millis__int_nanos__0" time="0.0" classname="jml.javax.safetycritical.RelativeTime_JML_Test"/>
  <testcase name="test_RelativeTime__long_millis__int_nanos__0" time="0.0" classname="jml.javax.safetycritical.RelativeTime_JML_Test"/>
  <testcase name="test_RelativeTime__long_millis__int_nanos__0" time="0.0" classname="jml.javax.safetycritical.RelativeTime_JML_Test"/>
  <testcase name="test_RelativeTime__long_millis__int_nanos__0" time="0.003" classname="jml.javax.safetycritical.RelativeTime_JML_Test"/>
  <testcase name="test_RelativeTime__long_millis__int_nanos__Clock_clock__25" time="0.003" classname="jml.javax.safetycritical.RelativeTime_JML_Test"/>
  <testcase name="test_RelativeTime__long_millis__int_nanos__Clock_clock__25" time="0.001" classname="jml.javax.safetycritical.RelativeTime_JML_Test"/>
  <testcase name="test_add__RelativeTime_time__25" time="0.006" classname="jml.javax.safetycritical.RelativeTime_JML_Test"/>
  <testcase name="test_add__RelativeTime_time__25" time="0.015" classname="jml.javax.safetycritical.RelativeTime_JML_Test"/>
  <testcase name="test_add__RelativeTime_time__25" time="0.004" classname="jml.javax.safetycritical.RelativeTime_JML_Test"/>
  <testcase name="test_add__RelativeTime_time__25" time="0.006" classname="jml.javax.safetycritical.RelativeTime_JML_Test"/>
  <testcase name="test_add__RelativeTime_time__25" time="0.001" classname="jml.javax.safetycritical.RelativeTime_JML_Test"/>
  <testcase name="test_add__RelativeTime_time__25" time="0.003" classname="jml.javax.safetycritical.RelativeTime_JML_Test"/>
  <testcase name="test_add__RelativeTime_time__25" time="0.0" classname="jml.javax.safetycritical.RelativeTime_JML_Test"/>
  <testcase name="test_add__RelativeTime_time__25" time="0.0" classname="jml.javax.safetycritical.RelativeTime_JML_Test"/>
  <testcase name="test_add__RelativeTime_time__25" time="0.0" classname="jml.javax.safetycritical.RelativeTime_JML_Test"/>
  <testcase name="test_add__RelativeTime_time__25" time="0.0" classname="jml.javax.safetycritical.RelativeTime_JML_Test"/>
  <testcase name="test_add__RelativeTime_time__25" time="0.0" classname="jml.javax.safetycritical.RelativeTime_JML_Test"/>
  <testcase name="test_add__RelativeTime_time__25" time="0.0" classname="jml.javax.safetycritical.RelativeTime_JML_Test"/>
  <testcase name="test_add__RelativeTime_time__25" time="0.0" classname="jml.javax.safetycritical.RelativeTime_JML_Test"/>
  <testcase name="test_add__RelativeTime_time__25" time="0.001" classname="jml.javax.safetycritical.RelativeTime_JML_Test"/>
  <testcase name="test_add__RelativeTime_time__25" time="0.0" classname="jml.javax.safetycritical.RelativeTime_JML_Test"/>
  <testcase name="test_add__RelativeTime_time__25" time="0.01" classname="jml.javax.safetycritical.RelativeTime_JML_Test"/>
  <testcase name="test_add__RelativeTime_time__25" time="0.002" classname="jml.javax.safetycritical.RelativeTime_JML_Test"/>
  <testcase name="test_add__RelativeTime_time__25" time="0.005" classname="jml.javax.safetycritical.RelativeTime_JML_Test"/>
  <testcase name="test_add__RelativeTime_time__25" time="0.002" classname="jml.javax.safetycritical.RelativeTime_JML_Test"/>
  <testcase name="test_add__RelativeTime_time__25" time="0.0" classname="jml.javax.safetycritical.RelativeTime_JML_Test"/>
  <testcase name="test_add__RelativeTime_time__25" time="0.0" classname="jml.javax.safetycritical.RelativeTime_JML_Test"/>
  <testcase name="test_add__RelativeTime_time__25" time="0.0" classname="jml.javax.safetycritical.RelativeTime_JML_Test"/>
  <testcase name="test_add__RelativeTime_time__RelativeTime_dest__50" time="0.0" classname="jml.javax.safetycritical.RelativeTime_JML_Test"/>
  <testcase name="test_add__RelativeTime_time__RelativeTime_dest__50" time="0.001" classname="jml.javax.safetycritical.RelativeTime_JML_Test"/>
  <testcase name="test_add__RelativeTime_time__RelativeTime_dest__50" time="0.002" classname="jml.javax.safetycritical.RelativeTime_JML_Test"/>
  <testcase name="test_add__RelativeTime_time__RelativeTime_dest__50" time="0.001" classname="jml.javax.safetycritical.RelativeTime_JML_Test"/>
  <testcase name="test_add__RelativeTime_time__RelativeTime_dest__50" time="0.0" classname="jml.javax.safetycritical.RelativeTime_JML_Test"/>
  <testcase name="test_add__RelativeTime_time__RelativeTime_dest__50" time="0.0" classname="jml.javax.safetycritical.RelativeTime_JML_Test"/>
  <testcase name="test_add__RelativeTime_time__RelativeTime_dest__50" time="0.0" classname="jml.javax.safetycritical.RelativeTime_JML_Test"/>
  <testcase name="test_add__RelativeTime_time__RelativeTime_dest__50" time="0.0" classname="jml.javax.safetycritical.RelativeTime_JML_Test"/>
  <testcase name="test_add__RelativeTime_time__RelativeTime_dest__50" time="0.0" classname="jml.javax.safetycritical.RelativeTime_JML_Test"/>
  <testcase name="test_add__RelativeTime_time__RelativeTime_dest__50" time="0.0" classname="jml.javax.safetycritical.RelativeTime_JML_Test"/>
  <testcase name="test_add__RelativeTime_time__RelativeTime_dest__50" time="0.001" classname="jml.javax.safetycritical.RelativeTime_JML_Test"/>
  <testcase name="test_add__RelativeTime_time__RelativeTime_dest__50" time="0.001" classname="jml.javax.safetycritical.RelativeTime_JML_Test"/>
  <testcase name="test_add__RelativeTime_time__RelativeTime_dest__50" time="0.002" classname="jml.javax.safetycritical.RelativeTime_JML_Test"/>
  <testcase name="test_add__RelativeTime_time__RelativeTime_dest__50" time="0.0" classname="jml.javax.safetycritical.RelativeTime_JML_Test"/>
  <testcase name="test_add__RelativeTime_time__RelativeTime_dest__50" time="0.007" classname="jml.javax.safetycritical.RelativeTime_JML_Test"/>
  <testcase name="test_add__RelativeTime_time__RelativeTime_dest__50" time="0.003" classname="jml.javax.safetycritical.RelativeTime_JML_Test"/>
  <testcase name="test_add__RelativeTime_time__RelativeTime_dest__50" time="0.001" classname="jml.javax.safetycritical.RelativeTime_JML_Test"/>
  <testcase name="test_add__RelativeTime_time__RelativeTime_dest__50" time="0.0" classname="jml.javax.safetycritical.RelativeTime_JML_Test"/>
  <testcase name="test_add__RelativeTime_time__RelativeTime_dest__50" time="0.0" classname="jml.javax.safetycritical.RelativeTime_JML_Test"/>
  <testcase name="test_add__RelativeTime_time__RelativeTime_dest__50" time="0.001" classname="jml.javax.safetycritical.RelativeTime_JML_Test"/>
  <testcase name="test_add__RelativeTime_time__RelativeTime_dest__50" time="0.001" classname="jml.javax.safetycritical.RelativeTime_JML_Test"/>
  <testcase name="test_add__RelativeTime_time__RelativeTime_dest__50" time="0.0" classname="jml.javax.safetycritical.RelativeTime_JML_Test"/>
  <testcase name="test_add__RelativeTime_time__RelativeTime_dest__50" time="0.001" classname="jml.javax.safetycritical.RelativeTime_JML_Test"/>
  <testcase name="test_add__RelativeTime_time__RelativeTime_dest__50" time="0.001" classname="jml.javax.safetycritical.RelativeTime_JML_Test"/>
  <testcase name="test_add__RelativeTime_time__RelativeTime_dest__50" time="0.001" classname="jml.javax.safetycritical.RelativeTime_JML_Test"/>
  <testcase name="test_add__RelativeTime_time__RelativeTime_dest__50" time="0.001" classname="jml.javax.safetycritical.RelativeTime_JML_Test"/>
  <testcase name="test_add__RelativeTime_time__RelativeTime_dest__50" time="0.0" classname="jml.javax.safetycritical.RelativeTime_JML_Test"/>
  <testcase name="test_add__RelativeTime_time__RelativeTime_dest__50" time="0.001" classname="jml.javax.safetycritical.RelativeTime_JML_Test"/>
  <testcase name="test_add__RelativeTime_time__RelativeTime_dest__50" time="0.001" classname="jml.javax.safetycritical.RelativeTime_JML_Test"/>
  <testcase name="test_add__RelativeTime_time__RelativeTime_dest__50" time="0.0" classname="jml.javax.safetycritical.RelativeTime_JML_Test"/>
  <testcase name="test_add__RelativeTime_time__RelativeTime_dest__50" time="0.0" classname="jml.javax.safetycritical.RelativeTime_JML_Test"/>
  <testcase name="test_add__RelativeTime_time__RelativeTime_dest__50" time="0.0" classname="jml.javax.safetycritical.RelativeTime_JML_Test"/>
  <testcase name="test_add__RelativeTime_time__RelativeTime_dest__50" time="0.002" classname="jml.javax.safetycritical.RelativeTime_JML_Test"/>
  <testcase name="test_add__RelativeTime_time__RelativeTime_dest__50" time="0.001" classname="jml.javax.safetycritical.RelativeTime_JML_Test"/>
  <testcase name="test_add__RelativeTime_time__RelativeTime_dest__50" time="0.001" classname="jml.javax.safetycritical.RelativeTime_JML_Test"/>
  <testcase name="test_add__RelativeTime_time__RelativeTime_dest__50" time="0.002" classname="jml.javax.safetycritical.RelativeTime_JML_Test"/>
  <testcase name="test_add__RelativeTime_time__RelativeTime_dest__50" time="0.001" classname="jml.javax.safetycritical.RelativeTime_JML_Test"/>
  <testcase name="test_add__RelativeTime_time__RelativeTime_dest__50" time="0.001" classname="jml.javax.safetycritical.RelativeTime_JML_Test"/>
  <testcase name="test_add__RelativeTime_time__RelativeTime_dest__50" time="0.001" classname="jml.javax.safetycritical.RelativeTime_JML_Test"/>
  <testcase name="test_add__RelativeTime_time__RelativeTime_dest__50" time="0.0" classname="jml.javax.safetycritical.RelativeTime_JML_Test"/>
  <testcase name="test_add__RelativeTime_time__RelativeTime_dest__50" time="0.0" classname="jml.javax.safetycritical.RelativeTime_JML_Test"/>
  <testcase name="test_add__RelativeTime_time__RelativeTime_dest__50" time="0.0" classname="jml.javax.safetycritical.RelativeTime_JML_Test"/>
  <testcase name="test_add__RelativeTime_time__RelativeTime_dest__50" time="0.0" classname="jml.javax.safetycritical.RelativeTime_JML_Test"/>
  <testcase name="test_add__RelativeTime_time__RelativeTime_dest__50" time="0.0" classname="jml.javax.safetycritical.RelativeTime_JML_Test"/>
  <testcase name="test_add__long_millis__int_nanos__0" time="0.001" classname="jml.javax.safetycritical.RelativeTime_JML_Test"/>
  <testcase name="test_add__long_millis__int_nanos__0" time="0.0" classname="jml.javax.safetycritical.RelativeTime_JML_Test"/>
  <testcase name="test_add__long_millis__int_nanos__0" time="0.0" classname="jml.javax.safetycritical.RelativeTime_JML_Test"/>
  <testcase name="test_add__long_millis__int_nanos__0" time="0.001" classname="jml.javax.safetycritical.RelativeTime_JML_Test"/>
  <testcase name="test_add__long_millis__int_nanos__0" time="0.001" classname="jml.javax.safetycritical.RelativeTime_JML_Test"/>
  <testcase name="test_add__long_millis__int_nanos__0" time="0.001" classname="jml.javax.safetycritical.RelativeTime_JML_Test"/>
  <testcase name="test_add__long_millis__int_nanos__0" time="0.001" classname="jml.javax.safetycritical.RelativeTime_JML_Test"/>
  <testcase name="test_add__long_millis__int_nanos__0" time="0.009" classname="jml.javax.safetycritical.RelativeTime_JML_Test"/>
  <testcase name="test_add__long_millis__int_nanos__0" time="0.0" classname="jml.javax.safetycritical.RelativeTime_JML_Test"/>
  <testcase name="test_add__long_millis__int_nanos__0" time="0.001" classname="jml.javax.safetycritical.RelativeTime_JML_Test"/>
  <testcase name="test_add__long_millis__int_nanos__0" time="0.002" classname="jml.javax.safetycritical.RelativeTime_JML_Test"/>
  <testcase name="test_add__long_millis__int_nanos__0" time="0.003" classname="jml.javax.safetycritical.RelativeTime_JML_Test"/>
  <testcase name="test_add__long_millis__int_nanos__0" time="0.001" classname="jml.javax.safetycritical.RelativeTime_JML_Test"/>
  <testcase name="test_add__long_millis__int_nanos__0" time="0.001" classname="jml.javax.safetycritical.RelativeTime_JML_Test"/>
  <testcase name="test_add__long_millis__int_nanos__0" time="0.0" classname="jml.javax.safetycritical.RelativeTime_JML_Test"/>
  <testcase name="test_add__long_millis__int_nanos__0" time="0.009" classname="jml.javax.safetycritical.RelativeTime_JML_Test"/>
  <testcase name="test_add__long_millis__int_nanos__0" time="0.001" classname="jml.javax.safetycritical.RelativeTime_JML_Test"/>
  <testcase name="test_add__long_millis__int_nanos__0" time="0.003" classname="jml.javax.safetycritical.RelativeTime_JML_Test"/>
  <testcase name="test_add__long_millis__int_nanos__0" time="0.0" classname="jml.javax.safetycritical.RelativeTime_JML_Test"/>
  <testcase name="test_add__long_millis__int_nanos__0" time="0.001" classname="jml.javax.safetycritical.RelativeTime_JML_Test"/>
  <testcase name="test_add__long_millis__int_nanos__0" time="0.0" classname="jml.javax.safetycritical.RelativeTime_JML_Test"/>
  <testcase name="test_add__long_millis__int_nanos__0" time="0.002" classname="jml.javax.safetycritical.RelativeTime_JML_Test"/>
  <testcase name="test_add__long_millis__int_nanos__0" time="0.0" classname="jml.javax.safetycritical.RelativeTime_JML_Test"/>
  <testcase name="test_add__long_millis__int_nanos__0" time="0.0" classname="jml.javax.safetycritical.RelativeTime_JML_Test"/>
  <testcase name="test_add__long_millis__int_nanos__0" time="0.002" classname="jml.javax.safetycritical.RelativeTime_JML_Test"/>
  <testcase name="test_add__long_millis__int_nanos__0" time="0.0" classname="jml.javax.safetycritical.RelativeTime_JML_Test"/>
  <testcase name="test_add__long_millis__int_nanos__0" time="0.0" classname="jml.javax.safetycritical.RelativeTime_JML_Test"/>
  <testcase name="test_add__long_millis__int_nanos__0" time="0.003" classname="jml.javax.safetycritical.RelativeTime_JML_Test"/>
  <testcase name="test_add__long_millis__int_nanos__0" time="0.0" classname="jml.javax.safetycritical.RelativeTime_JML_Test"/>
  <testcase name="test_add__long_millis__int_nanos__0" time="0.007" classname="jml.javax.safetycritical.RelativeTime_JML_Test"/>
  <testcase name="test_add__long_millis__int_nanos__0" time="0.0" classname="jml.javax.safetycritical.RelativeTime_JML_Test"/>
  <testcase name="test_add__long_millis__int_nanos__0" time="0.004" classname="jml.javax.safetycritical.RelativeTime_JML_Test"/>
  <testcase name="test_add__long_millis__int_nanos__0" time="0.0" classname="jml.javax.safetycritical.RelativeTime_JML_Test"/>
  <testcase name="test_add__long_millis__int_nanos__0" time="0.001" classname="jml.javax.safetycritical.RelativeTime_JML_Test"/>
  <testcase name="test_add__long_millis__int_nanos__0" time="0.002" classname="jml.javax.safetycritical.RelativeTime_JML_Test"/>
  <testcase name="test_add__long_millis__int_nanos__0" time="0.0" classname="jml.javax.safetycritical.RelativeTime_JML_Test"/>
  <testcase name="test_add__long_millis__int_nanos__0" time="0.001" classname="jml.javax.safetycritical.RelativeTime_JML_Test"/>
  <testcase name="test_add__long_millis__int_nanos__0" time="0.007" classname="jml.javax.safetycritical.RelativeTime_JML_Test"/>
  <testcase name="test_add__long_millis__int_nanos__0" time="0.0" classname="jml.javax.safetycritical.RelativeTime_JML_Test"/>
  <testcase name="test_add__long_millis__int_nanos__0" time="0.001" classname="jml.javax.safetycritical.RelativeTime_JML_Test"/>
  <testcase name="test_add__long_millis__int_nanos__0" time="0.002" classname="jml.javax.safetycritical.RelativeTime_JML_Test"/>
  <testcase name="test_add__long_millis__int_nanos__0" time="0.0" classname="jml.javax.safetycritical.RelativeTime_JML_Test"/>
  <testcase name="test_add__long_millis__int_nanos__0" time="0.001" classname="jml.javax.safetycritical.RelativeTime_JML_Test"/>
  <testcase name="test_add__long_millis__int_nanos__0" time="0.0" classname="jml.javax.safetycritical.RelativeTime_JML_Test"/>
  <testcase name="test_add__long_millis__int_nanos__RelativeTime_dest__25" time="0.004" classname="jml.javax.safetycritical.RelativeTime_JML_Test"/>
  <testcase name="test_add__long_millis__int_nanos__RelativeTime_dest__25" time="0.003" classname="jml.javax.safetycritical.RelativeTime_JML_Test"/>
  <testcase name="test_add__long_millis__int_nanos__RelativeTime_dest__25" time="0.004" classname="jml.javax.safetycritical.RelativeTime_JML_Test"/>
  <testcase name="test_add__long_millis__int_nanos__RelativeTime_dest__25" time="0.002" classname="jml.javax.safetycritical.RelativeTime_JML_Test"/>
  <testcase name="test_add__long_millis__int_nanos__RelativeTime_dest__25" time="0.001" classname="jml.javax.safetycritical.RelativeTime_JML_Test"/>
  <testcase name="test_add__long_millis__int_nanos__RelativeTime_dest__25" time="0.0" classname="jml.javax.safetycritical.RelativeTime_JML_Test"/>
  <testcase name="test_add__long_millis__int_nanos__RelativeTime_dest__25" time="0.003" classname="jml.javax.safetycritical.RelativeTime_JML_Test"/>
  <testcase name="test_add__long_millis__int_nanos__RelativeTime_dest__25" time="0.0" classname="jml.javax.safetycritical.RelativeTime_JML_Test"/>
  <testcase name="test_add__long_millis__int_nanos__RelativeTime_dest__25" time="0.0" classname="jml.javax.safetycritical.RelativeTime_JML_Test"/>
  <testcase name="test_add__long_millis__int_nanos__RelativeTime_dest__25" time="0.0" classname="jml.javax.safetycritical.RelativeTime_JML_Test"/>
  <testcase name="test_add__long_millis__int_nanos__RelativeTime_dest__25" time="0.0" classname="jml.javax.safetycritical.RelativeTime_JML_Test"/>
  <testcase name="test_add__long_millis__int_nanos__RelativeTime_dest__25" time="0.0" classname="jml.javax.safetycritical.RelativeTime_JML_Test"/>
  <testcase name="test_add__long_millis__int_nanos__RelativeTime_dest__25" time="0.003" classname="jml.javax.safetycritical.RelativeTime_JML_Test"/>
  <testcase name="test_add__long_millis__int_nanos__RelativeTime_dest__25" time="0.0" classname="jml.javax.safetycritical.RelativeTime_JML_Test"/>
  <testcase name="test_add__long_millis__int_nanos__RelativeTime_dest__25" time="0.005" classname="jml.javax.safetycritical.RelativeTime_JML_Test"/>
  <testcase name="test_add__long_millis__int_nanos__RelativeTime_dest__25" time="0.0" classname="jml.javax.safetycritical.RelativeTime_JML_Test"/>
  <testcase name="test_add__long_millis__int_nanos__RelativeTime_dest__25" time="0.0" classname="jml.javax.safetycritical.RelativeTime_JML_Test"/>
  <testcase name="test_add__long_millis__int_nanos__RelativeTime_dest__25" time="0.007" classname="jml.javax.safetycritical.RelativeTime_JML_Test"/>
  <testcase name="test_add__long_millis__int_nanos__RelativeTime_dest__25" time="0.0" classname="jml.javax.safetycritical.RelativeTime_JML_Test"/>
  <testcase name="test_add__long_millis__int_nanos__RelativeTime_dest__25" time="0.0" classname="jml.javax.safetycritical.RelativeTime_JML_Test"/>
  <testcase name="test_add__long_millis__int_nanos__RelativeTime_dest__25" time="0.001" classname="jml.javax.safetycritical.RelativeTime_JML_Test"/>
  <testcase name="test_add__long_millis__int_nanos__RelativeTime_dest__25" time="0.002" classname="jml.javax.safetycritical.RelativeTime_JML_Test"/>
  <testcase name="test_add__long_millis__int_nanos__RelativeTime_dest__25" time="0.0" classname="jml.javax.safetycritical.RelativeTime_JML_Test"/>
  <testcase name="test_add__long_millis__int_nanos__RelativeTime_dest__25" time="0.001" classname="jml.javax.safetycritical.RelativeTime_JML_Test"/>
  <testcase name="test_add__long_millis__int_nanos__RelativeTime_dest__25" time="0.006" classname="jml.javax.safetycritical.RelativeTime_JML_Test"/>
  <testcase name="test_add__long_millis__int_nanos__RelativeTime_dest__25" time="0.003" classname="jml.javax.safetycritical.RelativeTime_JML_Test"/>
  <testcase name="test_add__long_millis__int_nanos__RelativeTime_dest__25" time="0.0" classname="jml.javax.safetycritical.RelativeTime_JML_Test"/>
  <testcase name="test_add__long_millis__int_nanos__RelativeTime_dest__25" time="0.004" classname="jml.javax.safetycritical.RelativeTime_JML_Test"/>
  <testcase name="test_add__long_millis__int_nanos__RelativeTime_dest__25" time="0.0" classname="jml.javax.safetycritical.RelativeTime_JML_Test"/>
  <testcase name="test_add__long_millis__int_nanos__RelativeTime_dest__25" time="0.0" classname="jml.javax.safetycritical.RelativeTime_JML_Test"/>
  <testcase name="test_add__long_millis__int_nanos__RelativeTime_dest__25" time="0.0" classname="jml.javax.safetycritical.RelativeTime_JML_Test"/>
  <testcase name="test_add__long_millis__int_nanos__RelativeTime_dest__25" time="0.001" classname="jml.javax.safetycritical.RelativeTime_JML_Test"/>
  <testcase name="test_add__long_millis__int_nanos__RelativeTime_dest__25" time="0.001" classname="jml.javax.safetycritical.RelativeTime_JML_Test"/>
  <testcase name="test_add__long_millis__int_nanos__RelativeTime_dest__25" time="0.0" classname="jml.javax.safetycritical.RelativeTime_JML_Test"/>
  <testcase name="test_add__long_millis__int_nanos__RelativeTime_dest__25" time="0.003" classname="jml.javax.safetycritical.RelativeTime_JML_Test"/>
  <testcase name="test_add__long_millis__int_nanos__RelativeTime_dest__25" time="0.001" classname="jml.javax.safetycritical.RelativeTime_JML_Test"/>
  <testcase name="test_add__long_millis__int_nanos__RelativeTime_dest__25" time="0.003" classname="jml.javax.safetycritical.RelativeTime_JML_Test"/>
  <testcase name="test_add__long_millis__int_nanos__RelativeTime_dest__25" time="0.0" classname="jml.javax.safetycritical.RelativeTime_JML_Test"/>
  <testcase name="test_add__long_millis__int_nanos__RelativeTime_dest__25" time="0.001" classname="jml.javax.safetycritical.RelativeTime_JML_Test"/>
  <testcase name="test_add__long_millis__int_nanos__RelativeTime_dest__25" time="0.001" classname="jml.javax.safetycritical.RelativeTime_JML_Test"/>
  <testcase name="test_add__long_millis__int_nanos__RelativeTime_dest__25" time="0.0" classname="jml.javax.safetycritical.RelativeTime_JML_Test"/>
  <testcase name="test_add__long_millis__int_nanos__RelativeTime_dest__25" time="0.001" classname="jml.javax.safetycritical.RelativeTime_JML_Test"/>
  <testcase name="test_add__long_millis__int_nanos__RelativeTime_dest__25" time="0.003" classname="jml.javax.safetycritical.RelativeTime_JML_Test"/>
  <testcase name="test_add__long_millis__int_nanos__RelativeTime_dest__25" time="0.0" classname="jml.javax.safetycritical.RelativeTime_JML_Test"/>
  <testcase name="test_add__long_millis__int_nanos__RelativeTime_dest__25" time="0.003" classname="jml.javax.safetycritical.RelativeTime_JML_Test"/>
  <testcase name="test_add__long_millis__int_nanos__RelativeTime_dest__25" time="0.0" classname="jml.javax.safetycritical.RelativeTime_JML_Test"/>
  <testcase name="test_add__long_millis__int_nanos__RelativeTime_dest__25" time="0.0" classname="jml.javax.safetycritical.RelativeTime_JML_Test"/>
  <testcase name="test_add__long_millis__int_nanos__RelativeTime_dest__25" time="0.0" classname="jml.javax.safetycritical.RelativeTime_JML_Test"/>
  <testcase name="test_add__long_millis__int_nanos__RelativeTime_dest__25" time="0.002" classname="jml.javax.safetycritical.RelativeTime_JML_Test"/>
  <testcase name="test_add__long_millis__int_nanos__RelativeTime_dest__25" time="0.001" classname="jml.javax.safetycritical.RelativeTime_JML_Test"/>
  <testcase name="test_add__long_millis__int_nanos__RelativeTime_dest__25" time="0.001" classname="jml.javax.safetycritical.RelativeTime_JML_Test"/>
  <testcase name="test_add__long_millis__int_nanos__RelativeTime_dest__25" time="0.001" classname="jml.javax.safetycritical.RelativeTime_JML_Test"/>
  <testcase name="test_add__long_millis__int_nanos__RelativeTime_dest__25" time="0.0" classname="jml.javax.safetycritical.RelativeTime_JML_Test"/>
  <testcase name="test_add__long_millis__int_nanos__RelativeTime_dest__25" time="0.0" classname="jml.javax.safetycritical.RelativeTime_JML_Test"/>
  <testcase name="test_add__long_millis__int_nanos__RelativeTime_dest__25" time="0.001" classname="jml.javax.safetycritical.RelativeTime_JML_Test"/>
  <testcase name="test_add__long_millis__int_nanos__RelativeTime_dest__25" time="0.0" classname="jml.javax.safetycritical.RelativeTime_JML_Test"/>
  <testcase name="test_add__long_millis__int_nanos__RelativeTime_dest__25" time="0.003" classname="jml.javax.safetycritical.RelativeTime_JML_Test"/>
  <testcase name="test_add__long_millis__int_nanos__RelativeTime_dest__25" time="0.0" classname="jml.javax.safetycritical.RelativeTime_JML_Test"/>
  <testcase name="test_add__long_millis__int_nanos__RelativeTime_dest__25" time="0.002" classname="jml.javax.safetycritical.RelativeTime_JML_Test"/>
  <testcase name="test_add__long_millis__int_nanos__RelativeTime_dest__25" time="0.0" classname="jml.javax.safetycritical.RelativeTime_JML_Test"/>
  <testcase name="test_add__long_millis__int_nanos__RelativeTime_dest__25" time="0.002" classname="jml.javax.safetycritical.RelativeTime_JML_Test"/>
  <testcase name="test_add__long_millis__int_nanos__RelativeTime_dest__25" time="0.0" classname="jml.javax.safetycritical.RelativeTime_JML_Test"/>
  <testcase name="test_add__long_millis__int_nanos__RelativeTime_dest__25" time="0.002" classname="jml.javax.safetycritical.RelativeTime_JML_Test"/>
  <testcase name="test_add__long_millis__int_nanos__RelativeTime_dest__25" time="0.0" classname="jml.javax.safetycritical.RelativeTime_JML_Test"/>
  <testcase name="test_add__long_millis__int_nanos__RelativeTime_dest__25" time="0.0" classname="jml.javax.safetycritical.RelativeTime_JML_Test"/>
  <testcase name="test_add__long_millis__int_nanos__RelativeTime_dest__25" time="0.0" classname="jml.javax.safetycritical.RelativeTime_JML_Test"/>
  <testcase name="test_add__long_millis__int_nanos__RelativeTime_dest__25" time="0.0" classname="jml.javax.safetycritical.RelativeTime_JML_Test"/>
  <testcase name="test_add__long_millis__int_nanos__RelativeTime_dest__25" time="0.0" classname="jml.javax.safetycritical.RelativeTime_JML_Test"/>
  <testcase name="test_add__long_millis__int_nanos__RelativeTime_dest__25" time="0.0" classname="jml.javax.safetycritical.RelativeTime_JML_Test"/>
  <testcase name="test_add__long_millis__int_nanos__RelativeTime_dest__25" time="0.003" classname="jml.javax.safetycritical.RelativeTime_JML_Test"/>
  <testcase name="test_add__long_millis__int_nanos__RelativeTime_dest__25" time="0.001" classname="jml.javax.safetycritical.RelativeTime_JML_Test"/>
  <testcase name="test_add__long_millis__int_nanos__RelativeTime_dest__25" time="0.001" classname="jml.javax.safetycritical.RelativeTime_JML_Test"/>
  <testcase name="test_add__long_millis__int_nanos__RelativeTime_dest__25" time="0.0" classname="jml.javax.safetycritical.RelativeTime_JML_Test"/>
  <testcase name="test_add__long_millis__int_nanos__RelativeTime_dest__25" time="0.0" classname="jml.javax.safetycritical.RelativeTime_JML_Test"/>
  <testcase name="test_add__long_millis__int_nanos__RelativeTime_dest__25" time="0.0" classname="jml.javax.safetycritical.RelativeTime_JML_Test"/>
  <testcase name="test_add__long_millis__int_nanos__RelativeTime_dest__25" time="0.002" classname="jml.javax.safetycritical.RelativeTime_JML_Test"/>
  <testcase name="test_add__long_millis__int_nanos__RelativeTime_dest__25" time="0.0" classname="jml.javax.safetycritical.RelativeTime_JML_Test"/>
  <testcase name="test_add__long_millis__int_nanos__RelativeTime_dest__25" time="0.0" classname="jml.javax.safetycritical.RelativeTime_JML_Test"/>
  <testcase name="test_add__long_millis__int_nanos__RelativeTime_dest__25" time="0.001" classname="jml.javax.safetycritical.RelativeTime_JML_Test"/>
  <testcase name="test_add__long_millis__int_nanos__RelativeTime_dest__25" time="0.001" classname="jml.javax.safetycritical.RelativeTime_JML_Test"/>
  <testcase name="test_add__long_millis__int_nanos__RelativeTime_dest__25" time="0.0" classname="jml.javax.safetycritical.RelativeTime_JML_Test"/>
  <testcase name="test_add__long_millis__int_nanos__RelativeTime_dest__25" time="0.003" classname="jml.javax.safetycritical.RelativeTime_JML_Test"/>
  <testcase name="test_add__long_millis__int_nanos__RelativeTime_dest__25" time="0.001" classname="jml.javax.safetycritical.RelativeTime_JML_Test"/>
  <testcase name="test_add__long_millis__int_nanos__RelativeTime_dest__25" time="0.002" classname="jml.javax.safetycritical.RelativeTime_JML_Test"/>
  <testcase name="test_add__long_millis__int_nanos__RelativeTime_dest__25" time="0.002" classname="jml.javax.safetycritical.RelativeTime_JML_Test"/>
  <testcase name="test_add__long_millis__int_nanos__RelativeTime_dest__25" time="0.001" classname="jml.javax.safetycritical.RelativeTime_JML_Test"/>
  <testcase name="test_add__long_millis__int_nanos__RelativeTime_dest__25" time="0.0" classname="jml.javax.safetycritical.RelativeTime_JML_Test"/>
  <testcase name="test_add__long_millis__int_nanos__RelativeTime_dest__25" time="0.0" classname="jml.javax.safetycritical.RelativeTime_JML_Test"/>
  <testcase name="test_add__long_millis__int_nanos__RelativeTime_dest__25" time="0.0" classname="jml.javax.safetycritical.RelativeTime_JML_Test"/>
  <testcase name="test_add__long_millis__int_nanos__RelativeTime_dest__25" time="0.0" classname="jml.javax.safetycritical.RelativeTime_JML_Test"/>
  <testcase name="test_add__long_millis__int_nanos__RelativeTime_dest__25" time="0.0" classname="jml.javax.safetycritical.RelativeTime_JML_Test"/>
  <testcase name="test_add__long_millis__int_nanos__RelativeTime_dest__25" time="0.001" classname="jml.javax.safetycritical.RelativeTime_JML_Test"/>
  <testcase name="test_add__long_millis__int_nanos__RelativeTime_dest__25" time="0.0" classname="jml.javax.safetycritical.RelativeTime_JML_Test"/>
  <testcase name="test_add__long_millis__int_nanos__RelativeTime_dest__25" time="0.002" classname="jml.javax.safetycritical.RelativeTime_JML_Test"/>
  <testcase name="test_add__long_millis__int_nanos__RelativeTime_dest__25" time="0.0" classname="jml.javax.safetycritical.RelativeTime_JML_Test"/>
  <testcase name="test_add__long_millis__int_nanos__RelativeTime_dest__25" time="0.0" classname="jml.javax.safetycritical.RelativeTime_JML_Test"/>
  <testcase name="test_add__long_millis__int_nanos__RelativeTime_dest__25" time="0.0" classname="jml.javax.safetycritical.RelativeTime_JML_Test"/>
  <testcase name="test_add__long_millis__int_nanos__RelativeTime_dest__25" time="0.0" classname="jml.javax.safetycritical.RelativeTime_JML_Test"/>
  <testcase name="test_add__long_millis__int_nanos__RelativeTime_dest__25" time="0.003" classname="jml.javax.safetycritical.RelativeTime_JML_Test"/>
  <testcase name="test_add__long_millis__int_nanos__RelativeTime_dest__25" time="0.0" classname="jml.javax.safetycritical.RelativeTime_JML_Test"/>
  <testcase name="test_add__long_millis__int_nanos__RelativeTime_dest__25" time="0.002" classname="jml.javax.safetycritical.RelativeTime_JML_Test"/>
  <testcase name="test_add__long_millis__int_nanos__RelativeTime_dest__25" time="0.0" classname="jml.javax.safetycritical.RelativeTime_JML_Test"/>
  <testcase name="test_add__long_millis__int_nanos__RelativeTime_dest__25" time="0.001" classname="jml.javax.safetycritical.RelativeTime_JML_Test"/>
  <testcase name="test_add__long_millis__int_nanos__RelativeTime_dest__25" time="0.0" classname="jml.javax.safetycritical.RelativeTime_JML_Test"/>
  <testcase name="test_add__long_millis__int_nanos__RelativeTime_dest__25" time="0.0" classname="jml.javax.safetycritical.RelativeTime_JML_Test"/>
  <testcase name="test_add__long_millis__int_nanos__RelativeTime_dest__25" time="0.0" classname="jml.javax.safetycritical.RelativeTime_JML_Test"/>
  <testcase name="test_add__long_millis__int_nanos__RelativeTime_dest__25" time="0.002" classname="jml.javax.safetycritical.RelativeTime_JML_Test"/>
  <testcase name="test_add__long_millis__int_nanos__RelativeTime_dest__25" time="0.0" classname="jml.javax.safetycritical.RelativeTime_JML_Test"/>
  <testcase name="test_add__long_millis__int_nanos__RelativeTime_dest__25" time="0.0" classname="jml.javax.safetycritical.RelativeTime_JML_Test"/>
  <testcase name="test_add__long_millis__int_nanos__RelativeTime_dest__25" time="0.0" classname="jml.javax.safetycritical.RelativeTime_JML_Test"/>
  <testcase name="test_add__long_millis__int_nanos__RelativeTime_dest__25" time="0.0" classname="jml.javax.safetycritical.RelativeTime_JML_Test"/>
  <testcase name="test_add__long_millis__int_nanos__RelativeTime_dest__25" time="0.001" classname="jml.javax.safetycritical.RelativeTime_JML_Test"/>
  <testcase name="test_add__long_millis__int_nanos__RelativeTime_dest__25" time="0.0" classname="jml.javax.safetycritical.RelativeTime_JML_Test"/>
  <testcase name="test_add__long_millis__int_nanos__RelativeTime_dest__25" time="0.0" classname="jml.javax.safetycritical.RelativeTime_JML_Test"/>
  <testcase name="test_add__long_millis__int_nanos__RelativeTime_dest__25" time="0.001" classname="jml.javax.safetycritical.RelativeTime_JML_Test"/>
  <testcase name="test_add__long_millis__int_nanos__RelativeTime_dest__25" time="0.0" classname="jml.javax.safetycritical.RelativeTime_JML_Test"/>
  <testcase name="test_add__long_millis__int_nanos__RelativeTime_dest__25" time="0.003" classname="jml.javax.safetycritical.RelativeTime_JML_Test"/>
  <testcase name="test_add__long_millis__int_nanos__RelativeTime_dest__25" time="0.001" classname="jml.javax.safetycritical.RelativeTime_JML_Test"/>
  <testcase name="test_add__long_millis__int_nanos__RelativeTime_dest__25" time="0.0" classname="jml.javax.safetycritical.RelativeTime_JML_Test"/>
  <testcase name="test_add__long_millis__int_nanos__RelativeTime_dest__25" time="0.004" classname="jml.javax.safetycritical.RelativeTime_JML_Test"/>
  <testcase name="test_add__long_millis__int_nanos__RelativeTime_dest__25" time="0.001" classname="jml.javax.safetycritical.RelativeTime_JML_Test"/>
  <testcase name="test_add__long_millis__int_nanos__RelativeTime_dest__25" time="0.0" classname="jml.javax.safetycritical.RelativeTime_JML_Test"/>
  <testcase name="test_add__long_millis__int_nanos__RelativeTime_dest__25" time="0.0" classname="jml.javax.safetycritical.RelativeTime_JML_Test"/>
  <testcase name="test_add__long_millis__int_nanos__RelativeTime_dest__25" time="0.003" classname="jml.javax.safetycritical.RelativeTime_JML_Test"/>
  <testcase name="test_add__long_millis__int_nanos__RelativeTime_dest__25" time="0.0" classname="jml.javax.safetycritical.RelativeTime_JML_Test"/>
  <testcase name="test_add__long_millis__int_nanos__RelativeTime_dest__25" time="0.003" classname="jml.javax.safetycritical.RelativeTime_JML_Test"/>
  <testcase name="test_add__long_millis__int_nanos__RelativeTime_dest__25" time="0.0" classname="jml.javax.safetycritical.RelativeTime_JML_Test"/>
  <testcase name="test_add__long_millis__int_nanos__RelativeTime_dest__25" time="0.002" classname="jml.javax.safetycritical.RelativeTime_JML_Test"/>
  <testcase name="test_add__long_millis__int_nanos__RelativeTime_dest__25" time="0.001" classname="jml.javax.safetycritical.RelativeTime_JML_Test"/>
  <testcase name="test_add__long_millis__int_nanos__RelativeTime_dest__25" time="0.0" classname="jml.javax.safetycritical.RelativeTime_JML_Test"/>
  <testcase name="test_add__long_millis__int_nanos__RelativeTime_dest__25" time="0.004" classname="jml.javax.safetycritical.RelativeTime_JML_Test"/>
  <testcase name="test_add__long_millis__int_nanos__RelativeTime_dest__25" time="0.001" classname="jml.javax.safetycritical.RelativeTime_JML_Test"/>
  <testcase name="test_subtract__RelativeTime_time__25" time="0.003" classname="jml.javax.safetycritical.RelativeTime_JML_Test">
    <skipped/>
  </testcase> <!-- test_subtract__RelativeTime_time__25 -->
  <testcase name="test_subtract__RelativeTime_time__25" time="0.001" classname="jml.javax.safetycritical.RelativeTime_JML_Test">
    <skipped/>
  </testcase> <!-- test_subtract__RelativeTime_time__25 -->
  <testcase name="test_subtract__RelativeTime_time__25" time="0.002" classname="jml.javax.safetycritical.RelativeTime_JML_Test">
    <skipped/>
  </testcase> <!-- test_subtract__RelativeTime_time__25 -->
  <testcase name="test_subtract__RelativeTime_time__25" time="0.0" classname="jml.javax.safetycritical.RelativeTime_JML_Test">
    <skipped/>
  </testcase> <!-- test_subtract__RelativeTime_time__25 -->
  <testcase name="test_subtract__RelativeTime_time__25" time="0.002" classname="jml.javax.safetycritical.RelativeTime_JML_Test">
    <skipped/>
  </testcase> <!-- test_subtract__RelativeTime_time__25 -->
  <testcase name="test_subtract__RelativeTime_time__25" time="0.0" classname="jml.javax.safetycritical.RelativeTime_JML_Test"/>
  <testcase name="test_subtract__RelativeTime_time__25" time="0.003" classname="jml.javax.safetycritical.RelativeTime_JML_Test"/>
  <testcase name="test_subtract__RelativeTime_time__25" time="0.0" classname="jml.javax.safetycritical.RelativeTime_JML_Test"/>
  <testcase name="test_subtract__RelativeTime_time__25" time="0.0" classname="jml.javax.safetycritical.RelativeTime_JML_Test"/>
  <testcase name="test_subtract__RelativeTime_time__25" time="0.003" classname="jml.javax.safetycritical.RelativeTime_JML_Test"/>
  <testcase name="test_subtract__RelativeTime_time__25" time="0.001" classname="jml.javax.safetycritical.RelativeTime_JML_Test"/>
  <testcase name="test_subtract__RelativeTime_time__25" time="0.002" classname="jml.javax.safetycritical.RelativeTime_JML_Test">
    <skipped/>
  </testcase> <!-- test_subtract__RelativeTime_time__25 -->
  <testcase name="test_subtract__RelativeTime_time__25" time="0.0" classname="jml.javax.safetycritical.RelativeTime_JML_Test">
    <skipped/>
  </testcase> <!-- test_subtract__RelativeTime_time__25 -->
  <testcase name="test_subtract__RelativeTime_time__25" time="0.0" classname="jml.javax.safetycritical.RelativeTime_JML_Test">
    <skipped/>
  </testcase> <!-- test_subtract__RelativeTime_time__25 -->
  <testcase name="test_subtract__RelativeTime_time__25" time="0.0" classname="jml.javax.safetycritical.RelativeTime_JML_Test">
    <skipped/>
  </testcase> <!-- test_subtract__RelativeTime_time__25 -->
  <testcase name="test_subtract__RelativeTime_time__25" time="0.001" classname="jml.javax.safetycritical.RelativeTime_JML_Test">
    <skipped/>
  </testcase> <!-- test_subtract__RelativeTime_time__25 -->
  <testcase name="test_subtract__RelativeTime_time__25" time="0.0" classname="jml.javax.safetycritical.RelativeTime_JML_Test"/>
  <testcase name="test_subtract__RelativeTime_time__25" time="0.0" classname="jml.javax.safetycritical.RelativeTime_JML_Test"/>
  <testcase name="test_subtract__RelativeTime_time__25" time="0.003" classname="jml.javax.safetycritical.RelativeTime_JML_Test"/>
  <testcase name="test_subtract__RelativeTime_time__25" time="0.001" classname="jml.javax.safetycritical.RelativeTime_JML_Test"/>
  <testcase name="test_subtract__RelativeTime_time__25" time="0.0" classname="jml.javax.safetycritical.RelativeTime_JML_Test"/>
  <testcase name="test_subtract__RelativeTime_time__25" time="0.0" classname="jml.javax.safetycritical.RelativeTime_JML_Test"/>
  <testcase name="test_subtract__RelativeTime_time__RelativeTime_dest__50" time="0.0" classname="jml.javax.safetycritical.RelativeTime_JML_Test"/>
  <testcase name="test_subtract__RelativeTime_time__RelativeTime_dest__50" time="0.0" classname="jml.javax.safetycritical.RelativeTime_JML_Test"/>
  <testcase name="test_subtract__RelativeTime_time__RelativeTime_dest__50" time="0.001" classname="jml.javax.safetycritical.RelativeTime_JML_Test"/>
  <testcase name="test_subtract__RelativeTime_time__RelativeTime_dest__50" time="0.002" classname="jml.javax.safetycritical.RelativeTime_JML_Test"/>
  <testcase name="test_subtract__RelativeTime_time__RelativeTime_dest__50" time="0.001" classname="jml.javax.safetycritical.RelativeTime_JML_Test"/>
  <testcase name="test_subtract__RelativeTime_time__RelativeTime_dest__50" time="0.0" classname="jml.javax.safetycritical.RelativeTime_JML_Test"/>
  <testcase name="test_subtract__RelativeTime_time__RelativeTime_dest__50" time="0.001" classname="jml.javax.safetycritical.RelativeTime_JML_Test"/>
  <testcase name="test_subtract__RelativeTime_time__RelativeTime_dest__50" time="0.0" classname="jml.javax.safetycritical.RelativeTime_JML_Test"/>
  <testcase name="test_subtract__RelativeTime_time__RelativeTime_dest__50" time="0.0" classname="jml.javax.safetycritical.RelativeTime_JML_Test"/>
  <testcase name="test_subtract__RelativeTime_time__RelativeTime_dest__50" time="0.0" classname="jml.javax.safetycritical.RelativeTime_JML_Test"/>
  <testcase name="test_subtract__RelativeTime_time__RelativeTime_dest__50" time="0.0" classname="jml.javax.safetycritical.RelativeTime_JML_Test"/>
  <testcase name="test_subtract__RelativeTime_time__RelativeTime_dest__50" time="0.0" classname="jml.javax.safetycritical.RelativeTime_JML_Test"/>
  <testcase name="test_subtract__RelativeTime_time__RelativeTime_dest__50" time="0.0" classname="jml.javax.safetycritical.RelativeTime_JML_Test"/>
  <testcase name="test_subtract__RelativeTime_time__RelativeTime_dest__50" time="0.001" classname="jml.javax.safetycritical.RelativeTime_JML_Test"/>
  <testcase name="test_subtract__RelativeTime_time__RelativeTime_dest__50" time="0.0" classname="jml.javax.safetycritical.RelativeTime_JML_Test"/>
  <testcase name="test_subtract__RelativeTime_time__RelativeTime_dest__50" time="0.003" classname="jml.javax.safetycritical.RelativeTime_JML_Test"/>
  <testcase name="test_subtract__RelativeTime_time__RelativeTime_dest__50" time="0.001" classname="jml.javax.safetycritical.RelativeTime_JML_Test"/>
  <testcase name="test_subtract__RelativeTime_time__RelativeTime_dest__50" time="0.0" classname="jml.javax.safetycritical.RelativeTime_JML_Test"/>
  <testcase name="test_subtract__RelativeTime_time__RelativeTime_dest__50" time="0.0" classname="jml.javax.safetycritical.RelativeTime_JML_Test"/>
  <testcase name="test_subtract__RelativeTime_time__RelativeTime_dest__50" time="0.0" classname="jml.javax.safetycritical.RelativeTime_JML_Test"/>
  <testcase name="test_subtract__RelativeTime_time__RelativeTime_dest__50" time="0.0" classname="jml.javax.safetycritical.RelativeTime_JML_Test"/>
  <testcase name="test_subtract__RelativeTime_time__RelativeTime_dest__50" time="0.0" classname="jml.javax.safetycritical.RelativeTime_JML_Test"/>
  <testcase name="test_subtract__RelativeTime_time__RelativeTime_dest__50" time="0.0" classname="jml.javax.safetycritical.RelativeTime_JML_Test"/>
  <testcase name="test_subtract__RelativeTime_time__RelativeTime_dest__50" time="0.01" classname="jml.javax.safetycritical.RelativeTime_JML_Test"/>
  <testcase name="test_subtract__RelativeTime_time__RelativeTime_dest__50" time="0.0" classname="jml.javax.safetycritical.RelativeTime_JML_Test"/>
  <testcase name="test_subtract__RelativeTime_time__RelativeTime_dest__50" time="0.004" classname="jml.javax.safetycritical.RelativeTime_JML_Test"/>
  <testcase name="test_subtract__RelativeTime_time__RelativeTime_dest__50" time="0.0" classname="jml.javax.safetycritical.RelativeTime_JML_Test"/>
  <testcase name="test_subtract__RelativeTime_time__RelativeTime_dest__50" time="0.001" classname="jml.javax.safetycritical.RelativeTime_JML_Test"/>
  <testcase name="test_subtract__RelativeTime_time__RelativeTime_dest__50" time="0.0" classname="jml.javax.safetycritical.RelativeTime_JML_Test"/>
  <testcase name="test_subtract__RelativeTime_time__RelativeTime_dest__50" time="0.0" classname="jml.javax.safetycritical.RelativeTime_JML_Test"/>
  <testcase name="test_subtract__RelativeTime_time__RelativeTime_dest__50" time="0.0" classname="jml.javax.safetycritical.RelativeTime_JML_Test"/>
  <testcase name="test_subtract__RelativeTime_time__RelativeTime_dest__50" time="0.001" classname="jml.javax.safetycritical.RelativeTime_JML_Test"/>
  <testcase name="test_subtract__RelativeTime_time__RelativeTime_dest__50" time="0.0" classname="jml.javax.safetycritical.RelativeTime_JML_Test"/>
  <testcase name="test_subtract__RelativeTime_time__RelativeTime_dest__50" time="0.003" classname="jml.javax.safetycritical.RelativeTime_JML_Test"/>
  <testcase name="test_subtract__RelativeTime_time__RelativeTime_dest__50" time="0.0" classname="jml.javax.safetycritical.RelativeTime_JML_Test"/>
  <testcase name="test_subtract__RelativeTime_time__RelativeTime_dest__50" time="0.0" classname="jml.javax.safetycritical.RelativeTime_JML_Test"/>
  <testcase name="test_subtract__RelativeTime_time__RelativeTime_dest__50" time="0.003" classname="jml.javax.safetycritical.RelativeTime_JML_Test"/>
  <testcase name="test_subtract__RelativeTime_time__RelativeTime_dest__50" time="0.0" classname="jml.javax.safetycritical.RelativeTime_JML_Test"/>
  <testcase name="test_subtract__RelativeTime_time__RelativeTime_dest__50" time="0.0" classname="jml.javax.safetycritical.RelativeTime_JML_Test"/>
  <testcase name="test_subtract__RelativeTime_time__RelativeTime_dest__50" time="0.001" classname="jml.javax.safetycritical.RelativeTime_JML_Test"/>
  <testcase name="test_subtract__RelativeTime_time__RelativeTime_dest__50" time="0.001" classname="jml.javax.safetycritical.RelativeTime_JML_Test"/>
  <testcase name="test_subtract__RelativeTime_time__RelativeTime_dest__50" time="0.0" classname="jml.javax.safetycritical.RelativeTime_JML_Test"/>
  <testcase name="test_subtract__RelativeTime_time__RelativeTime_dest__50" time="0.003" classname="jml.javax.safetycritical.RelativeTime_JML_Test"/>
  <testcase name="test_subtract__RelativeTime_time__RelativeTime_dest__50" time="0.001" classname="jml.javax.safetycritical.RelativeTime_JML_Test"/>
</testsuite> <!-- Default test -->
