<?xml version="1.0" encoding="UTF-8"?>
<testng-results skipped="10" failed="0" total="320" passed="310">
  <reporter-output>
  </reporter-output>
  <suite name="Default suite" duration-ms="989" started-at="2013-06-17T07:08:59Z" finished-at="2013-06-17T07:09:00Z">
    <groups>
    </groups>
    <test name="Default test" duration-ms="989" started-at="2013-06-17T07:08:59Z" finished-at="2013-06-17T07:09:00Z">
      <class name="jml.javax.safetycritical.RelativeTime_JML_Test">
        <test-method status="PASS" signature="test_racEnabled()[pri:0, instance:jml.javax.safetycritical.RelativeTime_JML_Test@4fd0e9]" name="test_racEnabled" duration-ms="58" started-at="2013-06-17T09:08:59Z" finished-at="2013-06-17T09:09:00Z">
          <reporter-output>
          </reporter-output>
        </test-method> <!-- test_racEnabled -->
        <test-method status="PASS" signature="test_RelativeTime__0()[pri:0, instance:jml.javax.safetycritical.RelativeTime_JML_Test@4fd0e9]" name="test_RelativeTime__0" duration-ms="3" started-at="2013-06-17T09:09:00Z" depends-on-methods="jml.javax.safetycritical.RelativeTime_JML_Test.test_racEnabled" finished-at="2013-06-17T09:09:00Z">
          <reporter-output>
          </reporter-output>
        </test-method> <!-- test_RelativeTime__0 -->
        <test-method status="PASS" signature="test_RelativeTime__Clock_clock__25(jml.javax.safetycritical.Clock)[pri:0, instance:jml.javax.safetycritical.RelativeTime_JML_Test@4fd0e9]" name="test_RelativeTime__Clock_clock__25" duration-ms="0" started-at="2013-06-17T09:09:00Z" data-provider="p_RelativeTime__Clock_clock__25" depends-on-methods="jml.javax.safetycritical.RelativeTime_JML_Test.test_racEnabled" finished-at="2013-06-17T09:09:00Z">
          <params>
            <param index="0">
              <value>
                <![CDATA[jml.vm.RealtimeClock$DefaultRealtimeClock@e156e1]]>
              </value>
            </param>
          </params>
          <reporter-output>
          </reporter-output>
        </test-method> <!-- test_RelativeTime__Clock_clock__25 -->
        <test-method status="PASS" signature="test_RelativeTime__Clock_clock__25(jml.javax.safetycritical.Clock)[pri:0, instance:jml.javax.safetycritical.RelativeTime_JML_Test@4fd0e9]" name="test_RelativeTime__Clock_clock__25" duration-ms="0" started-at="2013-06-17T09:09:00Z" data-provider="p_RelativeTime__Clock_clock__25" depends-on-methods="jml.javax.safetycritical.RelativeTime_JML_Test.test_racEnabled" finished-at="2013-06-17T09:09:00Z">
          <params>
            <param index="0">
              <value>
                <![CDATA[jml.vm.RealtimeClock$DefaultRealtimeClock@e156e1]]>
              </value>
            </param>
          </params>
          <reporter-output>
          </reporter-output>
        </test-method> <!-- test_RelativeTime__Clock_clock__25 -->
        <test-method status="PASS" signature="test_RelativeTime__RelativeTime_time__25(jml.javax.safetycritical.RelativeTime)[pri:0, instance:jml.javax.safetycritical.RelativeTime_JML_Test@4fd0e9]" name="test_RelativeTime__RelativeTime_time__25" duration-ms="1" started-at="2013-06-17T09:09:00Z" data-provider="p_RelativeTime__RelativeTime_time__25" depends-on-methods="jml.javax.safetycritical.RelativeTime_JML_Test.test_racEnabled" finished-at="2013-06-17T09:09:00Z">
          <params>
            <param index="0">
              <value>
                <![CDATA[(ms,ns) = (7, 7)]]>
              </value>
            </param>
          </params>
          <reporter-output>
          </reporter-output>
        </test-method> <!-- test_RelativeTime__RelativeTime_time__25 -->
        <test-method status="PASS" signature="test_RelativeTime__RelativeTime_time__25(jml.javax.safetycritical.RelativeTime)[pri:0, instance:jml.javax.safetycritical.RelativeTime_JML_Test@4fd0e9]" name="test_RelativeTime__RelativeTime_time__25" duration-ms="1" started-at="2013-06-17T09:09:00Z" data-provider="p_RelativeTime__RelativeTime_time__25" depends-on-methods="jml.javax.safetycritical.RelativeTime_JML_Test.test_racEnabled" finished-at="2013-06-17T09:09:00Z">
          <params>
            <param index="0">
              <value>
                <![CDATA[(ms,ns) = (1, 1)]]>
              </value>
            </param>
          </params>
          <reporter-output>
          </reporter-output>
        </test-method> <!-- test_RelativeTime__RelativeTime_time__25 -->
        <test-method status="PASS" signature="test_RelativeTime__long_millis__int_nanos__0(long, int)[pri:0, instance:jml.javax.safetycritical.RelativeTime_JML_Test@4fd0e9]" name="test_RelativeTime__long_millis__int_nanos__0" duration-ms="0" started-at="2013-06-17T09:09:00Z" data-provider="p_RelativeTime__long_millis__int_nanos__0" depends-on-methods="jml.javax.safetycritical.RelativeTime_JML_Test.test_racEnabled" finished-at="2013-06-17T09:09:00Z">
          <params>
            <param index="0">
              <value>
                <![CDATA[1]]>
              </value>
            </param>
            <param index="1">
              <value>
                <![CDATA[0]]>
              </value>
            </param>
          </params>
          <reporter-output>
          </reporter-output>
        </test-method> <!-- test_RelativeTime__long_millis__int_nanos__0 -->
        <test-method status="PASS" signature="test_RelativeTime__long_millis__int_nanos__0(long, int)[pri:0, instance:jml.javax.safetycritical.RelativeTime_JML_Test@4fd0e9]" name="test_RelativeTime__long_millis__int_nanos__0" duration-ms="0" started-at="2013-06-17T09:09:00Z" data-provider="p_RelativeTime__long_millis__int_nanos__0" depends-on-methods="jml.javax.safetycritical.RelativeTime_JML_Test.test_racEnabled" finished-at="2013-06-17T09:09:00Z">
          <params>
            <param index="0">
              <value>
                <![CDATA[3]]>
              </value>
            </param>
            <param index="1">
              <value>
                <![CDATA[0]]>
              </value>
            </param>
          </params>
          <reporter-output>
          </reporter-output>
        </test-method> <!-- test_RelativeTime__long_millis__int_nanos__0 -->
        <test-method status="PASS" signature="test_RelativeTime__long_millis__int_nanos__0(long, int)[pri:0, instance:jml.javax.safetycritical.RelativeTime_JML_Test@4fd0e9]" name="test_RelativeTime__long_millis__int_nanos__0" duration-ms="0" started-at="2013-06-17T09:09:00Z" data-provider="p_RelativeTime__long_millis__int_nanos__0" depends-on-methods="jml.javax.safetycritical.RelativeTime_JML_Test.test_racEnabled" finished-at="2013-06-17T09:09:00Z">
          <params>
            <param index="0">
              <value>
                <![CDATA[1]]>
              </value>
            </param>
            <param index="1">
              <value>
                <![CDATA[1]]>
              </value>
            </param>
          </params>
          <reporter-output>
          </reporter-output>
        </test-method> <!-- test_RelativeTime__long_millis__int_nanos__0 -->
        <test-method status="PASS" signature="test_RelativeTime__long_millis__int_nanos__0(long, int)[pri:0, instance:jml.javax.safetycritical.RelativeTime_JML_Test@4fd0e9]" name="test_RelativeTime__long_millis__int_nanos__0" duration-ms="3" started-at="2013-06-17T09:09:00Z" data-provider="p_RelativeTime__long_millis__int_nanos__0" depends-on-methods="jml.javax.safetycritical.RelativeTime_JML_Test.test_racEnabled" finished-at="2013-06-17T09:09:00Z">
          <params>
            <param index="0">
              <value>
                <![CDATA[3]]>
              </value>
            </param>
            <param index="1">
              <value>
                <![CDATA[1]]>
              </value>
            </param>
          </params>
          <reporter-output>
          </reporter-output>
        </test-method> <!-- test_RelativeTime__long_millis__int_nanos__0 -->
        <test-method status="PASS" signature="test_RelativeTime__long_millis__int_nanos__Clock_clock__25(long, int, jml.javax.safetycritical.Clock)[pri:0, instance:jml.javax.safetycritical.RelativeTime_JML_Test@4fd0e9]" name="test_RelativeTime__long_millis__int_nanos__Clock_clock__25" duration-ms="3" started-at="2013-06-17T09:09:00Z" data-provider="p_RelativeTime__long_millis__int_nanos__Clock_clock__25" depends-on-methods="jml.javax.safetycritical.RelativeTime_JML_Test.test_racEnabled" finished-at="2013-06-17T09:09:00Z">
          <params>
            <param index="0">
              <value>
                <![CDATA[3]]>
              </value>
            </param>
            <param index="1">
              <value>
                <![CDATA[0]]>
              </value>
            </param>
            <param index="2">
              <value>
                <![CDATA[jml.vm.RealtimeClock$DefaultRealtimeClock@e156e1]]>
              </value>
            </param>
          </params>
          <reporter-output>
          </reporter-output>
        </test-method> <!-- test_RelativeTime__long_millis__int_nanos__Clock_clock__25 -->
        <test-method status="PASS" signature="test_RelativeTime__long_millis__int_nanos__Clock_clock__25(long, int, jml.javax.safetycritical.Clock)[pri:0, instance:jml.javax.safetycritical.RelativeTime_JML_Test@4fd0e9]" name="test_RelativeTime__long_millis__int_nanos__Clock_clock__25" duration-ms="1" started-at="2013-06-17T09:09:00Z" data-provider="p_RelativeTime__long_millis__int_nanos__Clock_clock__25" depends-on-methods="jml.javax.safetycritical.RelativeTime_JML_Test.test_racEnabled" finished-at="2013-06-17T09:09:00Z">
          <params>
            <param index="0">
              <value>
                <![CDATA[3]]>
              </value>
            </param>
            <param index="1">
              <value>
                <![CDATA[1]]>
              </value>
            </param>
            <param index="2">
              <value>
                <![CDATA[jml.vm.RealtimeClock$DefaultRealtimeClock@e156e1]]>
              </value>
            </param>
          </params>
          <reporter-output>
          </reporter-output>
        </test-method> <!-- test_RelativeTime__long_millis__int_nanos__Clock_clock__25 -->
        <test-method status="PASS" signature="test_add__RelativeTime_time__25(jml.javax.safetycritical.RelativeTime, jml.javax.safetycritical.RelativeTime)[pri:0, instance:jml.javax.safetycritical.RelativeTime_JML_Test@4fd0e9]" name="test_add__RelativeTime_time__25" duration-ms="6" started-at="2013-06-17T09:09:00Z" data-provider="p_add__RelativeTime_time__25" depends-on-methods="jml.javax.safetycritical.RelativeTime_JML_Test.test_racEnabled" finished-at="2013-06-17T09:09:00Z">
          <params>
            <param index="0">
              <value>
                <![CDATA[(ms,ns) = (0, 0)]]>
              </value>
            </param>
            <param index="1">
              <value>
                <![CDATA[(ms,ns) = (1, 1)]]>
              </value>
            </param>
          </params>
          <reporter-output>
          </reporter-output>
        </test-method> <!-- test_add__RelativeTime_time__25 -->
        <test-method status="PASS" signature="test_add__RelativeTime_time__25(jml.javax.safetycritical.RelativeTime, jml.javax.safetycritical.RelativeTime)[pri:0, instance:jml.javax.safetycritical.RelativeTime_JML_Test@4fd0e9]" name="test_add__RelativeTime_time__25" duration-ms="15" started-at="2013-06-17T09:09:00Z" data-provider="p_add__RelativeTime_time__25" depends-on-methods="jml.javax.safetycritical.RelativeTime_JML_Test.test_racEnabled" finished-at="2013-06-17T09:09:00Z">
          <params>
            <param index="0">
              <value>
                <![CDATA[(ms,ns) = (1, 0)]]>
              </value>
            </param>
            <param index="1">
              <value>
                <![CDATA[(ms,ns) = (1, 1)]]>
              </value>
            </param>
          </params>
          <reporter-output>
          </reporter-output>
        </test-method> <!-- test_add__RelativeTime_time__25 -->
        <test-method status="PASS" signature="test_add__RelativeTime_time__25(jml.javax.safetycritical.RelativeTime, jml.javax.safetycritical.RelativeTime)[pri:0, instance:jml.javax.safetycritical.RelativeTime_JML_Test@4fd0e9]" name="test_add__RelativeTime_time__25" duration-ms="4" started-at="2013-06-17T09:09:00Z" data-provider="p_add__RelativeTime_time__25" depends-on-methods="jml.javax.safetycritical.RelativeTime_JML_Test.test_racEnabled" finished-at="2013-06-17T09:09:00Z">
          <params>
            <param index="0">
              <value>
                <![CDATA[(ms,ns) = (3, 0)]]>
              </value>
            </param>
            <param index="1">
              <value>
                <![CDATA[(ms,ns) = (1, 1)]]>
              </value>
            </param>
          </params>
          <reporter-output>
          </reporter-output>
        </test-method> <!-- test_add__RelativeTime_time__25 -->
        <test-method status="PASS" signature="test_add__RelativeTime_time__25(jml.javax.safetycritical.RelativeTime, jml.javax.safetycritical.RelativeTime)[pri:0, instance:jml.javax.safetycritical.RelativeTime_JML_Test@4fd0e9]" name="test_add__RelativeTime_time__25" duration-ms="6" started-at="2013-06-17T09:09:00Z" data-provider="p_add__RelativeTime_time__25" depends-on-methods="jml.javax.safetycritical.RelativeTime_JML_Test.test_racEnabled" finished-at="2013-06-17T09:09:00Z">
          <params>
            <param index="0">
              <value>
                <![CDATA[(ms,ns) = (1, 1)]]>
              </value>
            </param>
            <param index="1">
              <value>
                <![CDATA[(ms,ns) = (1, 1)]]>
              </value>
            </param>
          </params>
          <reporter-output>
          </reporter-output>
        </test-method> <!-- test_add__RelativeTime_time__25 -->
        <test-method status="PASS" signature="test_add__RelativeTime_time__25(jml.javax.safetycritical.RelativeTime, jml.javax.safetycritical.RelativeTime)[pri:0, instance:jml.javax.safetycritical.RelativeTime_JML_Test@4fd0e9]" name="test_add__RelativeTime_time__25" duration-ms="1" started-at="2013-06-17T09:09:00Z" data-provider="p_add__RelativeTime_time__25" depends-on-methods="jml.javax.safetycritical.RelativeTime_JML_Test.test_racEnabled" finished-at="2013-06-17T09:09:00Z">
          <params>
            <param index="0">
              <value>
                <![CDATA[(ms,ns) = (3, 1)]]>
              </value>
            </param>
            <param index="1">
              <value>
                <![CDATA[(ms,ns) = (1, 1)]]>
              </value>
            </param>
          </params>
          <reporter-output>
          </reporter-output>
        </test-method> <!-- test_add__RelativeTime_time__25 -->
        <test-method status="PASS" signature="test_add__RelativeTime_time__25(jml.javax.safetycritical.RelativeTime, jml.javax.safetycritical.RelativeTime)[pri:0, instance:jml.javax.safetycritical.RelativeTime_JML_Test@4fd0e9]" name="test_add__RelativeTime_time__25" duration-ms="3" started-at="2013-06-17T09:09:00Z" data-provider="p_add__RelativeTime_time__25" depends-on-methods="jml.javax.safetycritical.RelativeTime_JML_Test.test_racEnabled" finished-at="2013-06-17T09:09:00Z">
          <params>
            <param index="0">
              <value>
                <![CDATA[(ms,ns) = (7, 7)]]>
              </value>
            </param>
            <param index="1">
              <value>
                <![CDATA[(ms,ns) = (1, 1)]]>
              </value>
            </param>
          </params>
          <reporter-output>
          </reporter-output>
        </test-method> <!-- test_add__RelativeTime_time__25 -->
        <test-method status="PASS" signature="test_add__RelativeTime_time__25(jml.javax.safetycritical.RelativeTime, jml.javax.safetycritical.RelativeTime)[pri:0, instance:jml.javax.safetycritical.RelativeTime_JML_Test@4fd0e9]" name="test_add__RelativeTime_time__25" duration-ms="0" started-at="2013-06-17T09:09:00Z" data-provider="p_add__RelativeTime_time__25" depends-on-methods="jml.javax.safetycritical.RelativeTime_JML_Test.test_racEnabled" finished-at="2013-06-17T09:09:00Z">
          <params>
            <param index="0">
              <value>
                <![CDATA[(ms,ns) = (1, 1)]]>
              </value>
            </param>
            <param index="1">
              <value>
                <![CDATA[(ms,ns) = (1, 1)]]>
              </value>
            </param>
          </params>
          <reporter-output>
          </reporter-output>
        </test-method> <!-- test_add__RelativeTime_time__25 -->
        <test-method status="PASS" signature="test_add__RelativeTime_time__25(jml.javax.safetycritical.RelativeTime, jml.javax.safetycritical.RelativeTime)[pri:0, instance:jml.javax.safetycritical.RelativeTime_JML_Test@4fd0e9]" name="test_add__RelativeTime_time__25" duration-ms="0" started-at="2013-06-17T09:09:00Z" data-provider="p_add__RelativeTime_time__25" depends-on-methods="jml.javax.safetycritical.RelativeTime_JML_Test.test_racEnabled" finished-at="2013-06-17T09:09:00Z">
          <params>
            <param index="0">
              <value>
                <![CDATA[(ms,ns) = (0, 0)]]>
              </value>
            </param>
            <param index="1">
              <value>
                <![CDATA[(ms,ns) = (1, 1)]]>
              </value>
            </param>
          </params>
          <reporter-output>
          </reporter-output>
        </test-method> <!-- test_add__RelativeTime_time__25 -->
        <test-method status="PASS" signature="test_add__RelativeTime_time__25(jml.javax.safetycritical.RelativeTime, jml.javax.safetycritical.RelativeTime)[pri:0, instance:jml.javax.safetycritical.RelativeTime_JML_Test@4fd0e9]" name="test_add__RelativeTime_time__25" duration-ms="0" started-at="2013-06-17T09:09:00Z" data-provider="p_add__RelativeTime_time__25" depends-on-methods="jml.javax.safetycritical.RelativeTime_JML_Test.test_racEnabled" finished-at="2013-06-17T09:09:00Z">
          <params>
            <param index="0">
              <value>
                <![CDATA[(ms,ns) = (0, 0)]]>
              </value>
            </param>
            <param index="1">
              <value>
                <![CDATA[(ms,ns) = (1, 1)]]>
              </value>
            </param>
          </params>
          <reporter-output>
          </reporter-output>
        </test-method> <!-- test_add__RelativeTime_time__25 -->
        <test-method status="PASS" signature="test_add__RelativeTime_time__25(jml.javax.safetycritical.RelativeTime, jml.javax.safetycritical.RelativeTime)[pri:0, instance:jml.javax.safetycritical.RelativeTime_JML_Test@4fd0e9]" name="test_add__RelativeTime_time__25" duration-ms="0" started-at="2013-06-17T09:09:00Z" data-provider="p_add__RelativeTime_time__25" depends-on-methods="jml.javax.safetycritical.RelativeTime_JML_Test.test_racEnabled" finished-at="2013-06-17T09:09:00Z">
          <params>
            <param index="0">
              <value>
                <![CDATA[(ms,ns) = (3, 0)]]>
              </value>
            </param>
            <param index="1">
              <value>
                <![CDATA[(ms,ns) = (1, 1)]]>
              </value>
            </param>
          </params>
          <reporter-output>
          </reporter-output>
        </test-method> <!-- test_add__RelativeTime_time__25 -->
        <test-method status="PASS" signature="test_add__RelativeTime_time__25(jml.javax.safetycritical.RelativeTime, jml.javax.safetycritical.RelativeTime)[pri:0, instance:jml.javax.safetycritical.RelativeTime_JML_Test@4fd0e9]" name="test_add__RelativeTime_time__25" duration-ms="0" started-at="2013-06-17T09:09:00Z" data-provider="p_add__RelativeTime_time__25" depends-on-methods="jml.javax.safetycritical.RelativeTime_JML_Test.test_racEnabled" finished-at="2013-06-17T09:09:00Z">
          <params>
            <param index="0">
              <value>
                <![CDATA[(ms,ns) = (3, 1)]]>
              </value>
            </param>
            <param index="1">
              <value>
                <![CDATA[(ms,ns) = (1, 1)]]>
              </value>
            </param>
          </params>
          <reporter-output>
          </reporter-output>
        </test-method> <!-- test_add__RelativeTime_time__25 -->
        <test-method status="PASS" signature="test_add__RelativeTime_time__25(jml.javax.safetycritical.RelativeTime, jml.javax.safetycritical.RelativeTime)[pri:0, instance:jml.javax.safetycritical.RelativeTime_JML_Test@4fd0e9]" name="test_add__RelativeTime_time__25" duration-ms="0" started-at="2013-06-17T09:09:00Z" data-provider="p_add__RelativeTime_time__25" depends-on-methods="jml.javax.safetycritical.RelativeTime_JML_Test.test_racEnabled" finished-at="2013-06-17T09:09:00Z">
          <params>
            <param index="0">
              <value>
                <![CDATA[(ms,ns) = (0, 0)]]>
              </value>
            </param>
            <param index="1">
              <value>
                <![CDATA[(ms,ns) = (1, 1)]]>
              </value>
            </param>
          </params>
          <reporter-output>
          </reporter-output>
        </test-method> <!-- test_add__RelativeTime_time__25 -->
        <test-method status="PASS" signature="test_add__RelativeTime_time__25(jml.javax.safetycritical.RelativeTime, jml.javax.safetycritical.RelativeTime)[pri:0, instance:jml.javax.safetycritical.RelativeTime_JML_Test@4fd0e9]" name="test_add__RelativeTime_time__25" duration-ms="0" started-at="2013-06-17T09:09:00Z" data-provider="p_add__RelativeTime_time__25" depends-on-methods="jml.javax.safetycritical.RelativeTime_JML_Test.test_racEnabled" finished-at="2013-06-17T09:09:00Z">
          <params>
            <param index="0">
              <value>
                <![CDATA[(ms,ns) = (1, 0)]]>
              </value>
            </param>
            <param index="1">
              <value>
                <![CDATA[(ms,ns) = (1, 1)]]>
              </value>
            </param>
          </params>
          <reporter-output>
          </reporter-output>
        </test-method> <!-- test_add__RelativeTime_time__25 -->
        <test-method status="PASS" signature="test_add__RelativeTime_time__25(jml.javax.safetycritical.RelativeTime, jml.javax.safetycritical.RelativeTime)[pri:0, instance:jml.javax.safetycritical.RelativeTime_JML_Test@4fd0e9]" name="test_add__RelativeTime_time__25" duration-ms="1" started-at="2013-06-17T09:09:00Z" data-provider="p_add__RelativeTime_time__25" depends-on-methods="jml.javax.safetycritical.RelativeTime_JML_Test.test_racEnabled" finished-at="2013-06-17T09:09:00Z">
          <params>
            <param index="0">
              <value>
                <![CDATA[(ms,ns) = (3, 0)]]>
              </value>
            </param>
            <param index="1">
              <value>
                <![CDATA[(ms,ns) = (1, 1)]]>
              </value>
            </param>
          </params>
          <reporter-output>
          </reporter-output>
        </test-method> <!-- test_add__RelativeTime_time__25 -->
        <test-method status="PASS" signature="test_add__RelativeTime_time__25(jml.javax.safetycritical.RelativeTime, jml.javax.safetycritical.RelativeTime)[pri:0, instance:jml.javax.safetycritical.RelativeTime_JML_Test@4fd0e9]" name="test_add__RelativeTime_time__25" duration-ms="0" started-at="2013-06-17T09:09:00Z" data-provider="p_add__RelativeTime_time__25" depends-on-methods="jml.javax.safetycritical.RelativeTime_JML_Test.test_racEnabled" finished-at="2013-06-17T09:09:00Z">
          <params>
            <param index="0">
              <value>
                <![CDATA[(ms,ns) = (1, 1)]]>
              </value>
            </param>
            <param index="1">
              <value>
                <![CDATA[(ms,ns) = (1, 1)]]>
              </value>
            </param>
          </params>
          <reporter-output>
          </reporter-output>
        </test-method> <!-- test_add__RelativeTime_time__25 -->
        <test-method status="PASS" signature="test_add__RelativeTime_time__25(jml.javax.safetycritical.RelativeTime, jml.javax.safetycritical.RelativeTime)[pri:0, instance:jml.javax.safetycritical.RelativeTime_JML_Test@4fd0e9]" name="test_add__RelativeTime_time__25" duration-ms="10" started-at="2013-06-17T09:09:00Z" data-provider="p_add__RelativeTime_time__25" depends-on-methods="jml.javax.safetycritical.RelativeTime_JML_Test.test_racEnabled" finished-at="2013-06-17T09:09:00Z">
          <params>
            <param index="0">
              <value>
                <![CDATA[(ms,ns) = (3, 1)]]>
              </value>
            </param>
            <param index="1">
              <value>
                <![CDATA[(ms,ns) = (1, 1)]]>
              </value>
            </param>
          </params>
          <reporter-output>
          </reporter-output>
        </test-method> <!-- test_add__RelativeTime_time__25 -->
        <test-method status="PASS" signature="test_add__RelativeTime_time__25(jml.javax.safetycritical.RelativeTime, jml.javax.safetycritical.RelativeTime)[pri:0, instance:jml.javax.safetycritical.RelativeTime_JML_Test@4fd0e9]" name="test_add__RelativeTime_time__25" duration-ms="2" started-at="2013-06-17T09:09:00Z" data-provider="p_add__RelativeTime_time__25" depends-on-methods="jml.javax.safetycritical.RelativeTime_JML_Test.test_racEnabled" finished-at="2013-06-17T09:09:00Z">
          <params>
            <param index="0">
              <value>
                <![CDATA[(ms,ns) = (7, 7)]]>
              </value>
            </param>
            <param index="1">
              <value>
                <![CDATA[(ms,ns) = (1, 1)]]>
              </value>
            </param>
          </params>
          <reporter-output>
          </reporter-output>
        </test-method> <!-- test_add__RelativeTime_time__25 -->
        <test-method status="PASS" signature="test_add__RelativeTime_time__25(jml.javax.safetycritical.RelativeTime, jml.javax.safetycritical.RelativeTime)[pri:0, instance:jml.javax.safetycritical.RelativeTime_JML_Test@4fd0e9]" name="test_add__RelativeTime_time__25" duration-ms="5" started-at="2013-06-17T09:09:00Z" data-provider="p_add__RelativeTime_time__25" depends-on-methods="jml.javax.safetycritical.RelativeTime_JML_Test.test_racEnabled" finished-at="2013-06-17T09:09:00Z">
          <params>
            <param index="0">
              <value>
                <![CDATA[(ms,ns) = (1, 1)]]>
              </value>
            </param>
            <param index="1">
              <value>
                <![CDATA[(ms,ns) = (1, 1)]]>
              </value>
            </param>
          </params>
          <reporter-output>
          </reporter-output>
        </test-method> <!-- test_add__RelativeTime_time__25 -->
        <test-method status="PASS" signature="test_add__RelativeTime_time__25(jml.javax.safetycritical.RelativeTime, jml.javax.safetycritical.RelativeTime)[pri:0, instance:jml.javax.safetycritical.RelativeTime_JML_Test@4fd0e9]" name="test_add__RelativeTime_time__25" duration-ms="2" started-at="2013-06-17T09:09:00Z" data-provider="p_add__RelativeTime_time__25" depends-on-methods="jml.javax.safetycritical.RelativeTime_JML_Test.test_racEnabled" finished-at="2013-06-17T09:09:00Z">
          <params>
            <param index="0">
              <value>
                <![CDATA[(ms,ns) = (0, 0)]]>
              </value>
            </param>
            <param index="1">
              <value>
                <![CDATA[(ms,ns) = (1, 1)]]>
              </value>
            </param>
          </params>
          <reporter-output>
          </reporter-output>
        </test-method> <!-- test_add__RelativeTime_time__25 -->
        <test-method status="PASS" signature="test_add__RelativeTime_time__25(jml.javax.safetycritical.RelativeTime, jml.javax.safetycritical.RelativeTime)[pri:0, instance:jml.javax.safetycritical.RelativeTime_JML_Test@4fd0e9]" name="test_add__RelativeTime_time__25" duration-ms="0" started-at="2013-06-17T09:09:00Z" data-provider="p_add__RelativeTime_time__25" depends-on-methods="jml.javax.safetycritical.RelativeTime_JML_Test.test_racEnabled" finished-at="2013-06-17T09:09:00Z">
          <params>
            <param index="0">
              <value>
                <![CDATA[(ms,ns) = (0, 0)]]>
              </value>
            </param>
            <param index="1">
              <value>
                <![CDATA[(ms,ns) = (1, 1)]]>
              </value>
            </param>
          </params>
          <reporter-output>
          </reporter-output>
        </test-method> <!-- test_add__RelativeTime_time__25 -->
        <test-method status="PASS" signature="test_add__RelativeTime_time__25(jml.javax.safetycritical.RelativeTime, jml.javax.safetycritical.RelativeTime)[pri:0, instance:jml.javax.safetycritical.RelativeTime_JML_Test@4fd0e9]" name="test_add__RelativeTime_time__25" duration-ms="0" started-at="2013-06-17T09:09:00Z" data-provider="p_add__RelativeTime_time__25" depends-on-methods="jml.javax.safetycritical.RelativeTime_JML_Test.test_racEnabled" finished-at="2013-06-17T09:09:00Z">
          <params>
            <param index="0">
              <value>
                <![CDATA[(ms,ns) = (3, 0)]]>
              </value>
            </param>
            <param index="1">
              <value>
                <![CDATA[(ms,ns) = (1, 1)]]>
              </value>
            </param>
          </params>
          <reporter-output>
          </reporter-output>
        </test-method> <!-- test_add__RelativeTime_time__25 -->
        <test-method status="PASS" signature="test_add__RelativeTime_time__25(jml.javax.safetycritical.RelativeTime, jml.javax.safetycritical.RelativeTime)[pri:0, instance:jml.javax.safetycritical.RelativeTime_JML_Test@4fd0e9]" name="test_add__RelativeTime_time__25" duration-ms="0" started-at="2013-06-17T09:09:00Z" data-provider="p_add__RelativeTime_time__25" depends-on-methods="jml.javax.safetycritical.RelativeTime_JML_Test.test_racEnabled" finished-at="2013-06-17T09:09:00Z">
          <params>
            <param index="0">
              <value>
                <![CDATA[(ms,ns) = (3, 1)]]>
              </value>
            </param>
            <param index="1">
              <value>
                <![CDATA[(ms,ns) = (1, 1)]]>
              </value>
            </param>
          </params>
          <reporter-output>
          </reporter-output>
        </test-method> <!-- test_add__RelativeTime_time__25 -->
        <test-method status="PASS" signature="test_add__RelativeTime_time__RelativeTime_dest__50(jml.javax.safetycritical.RelativeTime, jml.javax.safetycritical.RelativeTime, jml.javax.safetycritical.RelativeTime)[pri:0, instance:jml.javax.safetycritical.RelativeTime_JML_Test@4fd0e9]" name="test_add__RelativeTime_time__RelativeTime_dest__50" duration-ms="0" started-at="2013-06-17T09:09:00Z" data-provider="p_add__RelativeTime_time__RelativeTime_dest__50" depends-on-methods="jml.javax.safetycritical.RelativeTime_JML_Test.test_racEnabled" finished-at="2013-06-17T09:09:00Z">
          <params>
            <param index="0">
              <value>
                <![CDATA[(ms,ns) = (0, 0)]]>
              </value>
            </param>
            <param index="1">
              <value>
                <![CDATA[(ms,ns) = (2, 2)]]>
              </value>
            </param>
            <param index="2">
              <value>
                <![CDATA[(ms,ns) = (4, 2)]]>
              </value>
            </param>
          </params>
          <reporter-output>
          </reporter-output>
        </test-method> <!-- test_add__RelativeTime_time__RelativeTime_dest__50 -->
        <test-method status="PASS" signature="test_add__RelativeTime_time__RelativeTime_dest__50(jml.javax.safetycritical.RelativeTime, jml.javax.safetycritical.RelativeTime, jml.javax.safetycritical.RelativeTime)[pri:0, instance:jml.javax.safetycritical.RelativeTime_JML_Test@4fd0e9]" name="test_add__RelativeTime_time__RelativeTime_dest__50" duration-ms="1" started-at="2013-06-17T09:09:00Z" data-provider="p_add__RelativeTime_time__RelativeTime_dest__50" depends-on-methods="jml.javax.safetycritical.RelativeTime_JML_Test.test_racEnabled" finished-at="2013-06-17T09:09:00Z">
          <params>
            <param index="0">
              <value>
                <![CDATA[(ms,ns) = (1, 0)]]>
              </value>
            </param>
            <param index="1">
              <value>
                <![CDATA[(ms,ns) = (2, 2)]]>
              </value>
            </param>
            <param index="2">
              <value>
                <![CDATA[(ms,ns) = (4, 2)]]>
              </value>
            </param>
          </params>
          <reporter-output>
          </reporter-output>
        </test-method> <!-- test_add__RelativeTime_time__RelativeTime_dest__50 -->
        <test-method status="PASS" signature="test_add__RelativeTime_time__RelativeTime_dest__50(jml.javax.safetycritical.RelativeTime, jml.javax.safetycritical.RelativeTime, jml.javax.safetycritical.RelativeTime)[pri:0, instance:jml.javax.safetycritical.RelativeTime_JML_Test@4fd0e9]" name="test_add__RelativeTime_time__RelativeTime_dest__50" duration-ms="2" started-at="2013-06-17T09:09:00Z" data-provider="p_add__RelativeTime_time__RelativeTime_dest__50" depends-on-methods="jml.javax.safetycritical.RelativeTime_JML_Test.test_racEnabled" finished-at="2013-06-17T09:09:00Z">
          <params>
            <param index="0">
              <value>
                <![CDATA[(ms,ns) = (3, 0)]]>
              </value>
            </param>
            <param index="1">
              <value>
                <![CDATA[(ms,ns) = (2, 2)]]>
              </value>
            </param>
            <param index="2">
              <value>
                <![CDATA[(ms,ns) = (4, 2)]]>
              </value>
            </param>
          </params>
          <reporter-output>
          </reporter-output>
        </test-method> <!-- test_add__RelativeTime_time__RelativeTime_dest__50 -->
        <test-method status="PASS" signature="test_add__RelativeTime_time__RelativeTime_dest__50(jml.javax.safetycritical.RelativeTime, jml.javax.safetycritical.RelativeTime, jml.javax.safetycritical.RelativeTime)[pri:0, instance:jml.javax.safetycritical.RelativeTime_JML_Test@4fd0e9]" name="test_add__RelativeTime_time__RelativeTime_dest__50" duration-ms="1" started-at="2013-06-17T09:09:00Z" data-provider="p_add__RelativeTime_time__RelativeTime_dest__50" depends-on-methods="jml.javax.safetycritical.RelativeTime_JML_Test.test_racEnabled" finished-at="2013-06-17T09:09:00Z">
          <params>
            <param index="0">
              <value>
                <![CDATA[(ms,ns) = (1, 1)]]>
              </value>
            </param>
            <param index="1">
              <value>
                <![CDATA[(ms,ns) = (2, 2)]]>
              </value>
            </param>
            <param index="2">
              <value>
                <![CDATA[(ms,ns) = (4, 2)]]>
              </value>
            </param>
          </params>
          <reporter-output>
          </reporter-output>
        </test-method> <!-- test_add__RelativeTime_time__RelativeTime_dest__50 -->
        <test-method status="PASS" signature="test_add__RelativeTime_time__RelativeTime_dest__50(jml.javax.safetycritical.RelativeTime, jml.javax.safetycritical.RelativeTime, jml.javax.safetycritical.RelativeTime)[pri:0, instance:jml.javax.safetycritical.RelativeTime_JML_Test@4fd0e9]" name="test_add__RelativeTime_time__RelativeTime_dest__50" duration-ms="0" started-at="2013-06-17T09:09:00Z" data-provider="p_add__RelativeTime_time__RelativeTime_dest__50" depends-on-methods="jml.javax.safetycritical.RelativeTime_JML_Test.test_racEnabled" finished-at="2013-06-17T09:09:00Z">
          <params>
            <param index="0">
              <value>
                <![CDATA[(ms,ns) = (3, 1)]]>
              </value>
            </param>
            <param index="1">
              <value>
                <![CDATA[(ms,ns) = (2, 2)]]>
              </value>
            </param>
            <param index="2">
              <value>
                <![CDATA[(ms,ns) = (4, 2)]]>
              </value>
            </param>
          </params>
          <reporter-output>
          </reporter-output>
        </test-method> <!-- test_add__RelativeTime_time__RelativeTime_dest__50 -->
        <test-method status="PASS" signature="test_add__RelativeTime_time__RelativeTime_dest__50(jml.javax.safetycritical.RelativeTime, jml.javax.safetycritical.RelativeTime, jml.javax.safetycritical.RelativeTime)[pri:0, instance:jml.javax.safetycritical.RelativeTime_JML_Test@4fd0e9]" name="test_add__RelativeTime_time__RelativeTime_dest__50" duration-ms="0" started-at="2013-06-17T09:09:00Z" data-provider="p_add__RelativeTime_time__RelativeTime_dest__50" depends-on-methods="jml.javax.safetycritical.RelativeTime_JML_Test.test_racEnabled" finished-at="2013-06-17T09:09:00Z">
          <params>
            <param index="0">
              <value>
                <![CDATA[(ms,ns) = (7, 7)]]>
              </value>
            </param>
            <param index="1">
              <value>
                <![CDATA[(ms,ns) = (2, 2)]]>
              </value>
            </param>
            <param index="2">
              <value>
                <![CDATA[(ms,ns) = (4, 2)]]>
              </value>
            </param>
          </params>
          <reporter-output>
          </reporter-output>
        </test-method> <!-- test_add__RelativeTime_time__RelativeTime_dest__50 -->
        <test-method status="PASS" signature="test_add__RelativeTime_time__RelativeTime_dest__50(jml.javax.safetycritical.RelativeTime, jml.javax.safetycritical.RelativeTime, jml.javax.safetycritical.RelativeTime)[pri:0, instance:jml.javax.safetycritical.RelativeTime_JML_Test@4fd0e9]" name="test_add__RelativeTime_time__RelativeTime_dest__50" duration-ms="0" started-at="2013-06-17T09:09:00Z" data-provider="p_add__RelativeTime_time__RelativeTime_dest__50" depends-on-methods="jml.javax.safetycritical.RelativeTime_JML_Test.test_racEnabled" finished-at="2013-06-17T09:09:00Z">
          <params>
            <param index="0">
              <value>
                <![CDATA[(ms,ns) = (1, 1)]]>
              </value>
            </param>
            <param index="1">
              <value>
                <![CDATA[(ms,ns) = (2, 2)]]>
              </value>
            </param>
            <param index="2">
              <value>
                <![CDATA[(ms,ns) = (4, 2)]]>
              </value>
            </param>
          </params>
          <reporter-output>
          </reporter-output>
        </test-method> <!-- test_add__RelativeTime_time__RelativeTime_dest__50 -->
        <test-method status="PASS" signature="test_add__RelativeTime_time__RelativeTime_dest__50(jml.javax.safetycritical.RelativeTime, jml.javax.safetycritical.RelativeTime, jml.javax.safetycritical.RelativeTime)[pri:0, instance:jml.javax.safetycritical.RelativeTime_JML_Test@4fd0e9]" name="test_add__RelativeTime_time__RelativeTime_dest__50" duration-ms="0" started-at="2013-06-17T09:09:00Z" data-provider="p_add__RelativeTime_time__RelativeTime_dest__50" depends-on-methods="jml.javax.safetycritical.RelativeTime_JML_Test.test_racEnabled" finished-at="2013-06-17T09:09:00Z">
          <params>
            <param index="0">
              <value>
                <![CDATA[(ms,ns) = (0, 0)]]>
              </value>
            </param>
            <param index="1">
              <value>
                <![CDATA[(ms,ns) = (2, 2)]]>
              </value>
            </param>
            <param index="2">
              <value>
                <![CDATA[(ms,ns) = (4, 2)]]>
              </value>
            </param>
          </params>
          <reporter-output>
          </reporter-output>
        </test-method> <!-- test_add__RelativeTime_time__RelativeTime_dest__50 -->
        <test-method status="PASS" signature="test_add__RelativeTime_time__RelativeTime_dest__50(jml.javax.safetycritical.RelativeTime, jml.javax.safetycritical.RelativeTime, jml.javax.safetycritical.RelativeTime)[pri:0, instance:jml.javax.safetycritical.RelativeTime_JML_Test@4fd0e9]" name="test_add__RelativeTime_time__RelativeTime_dest__50" duration-ms="0" started-at="2013-06-17T09:09:00Z" data-provider="p_add__RelativeTime_time__RelativeTime_dest__50" depends-on-methods="jml.javax.safetycritical.RelativeTime_JML_Test.test_racEnabled" finished-at="2013-06-17T09:09:00Z">
          <params>
            <param index="0">
              <value>
                <![CDATA[(ms,ns) = (0, 0)]]>
              </value>
            </param>
            <param index="1">
              <value>
                <![CDATA[(ms,ns) = (2, 2)]]>
              </value>
            </param>
            <param index="2">
              <value>
                <![CDATA[(ms,ns) = (4, 2)]]>
              </value>
            </param>
          </params>
          <reporter-output>
          </reporter-output>
        </test-method> <!-- test_add__RelativeTime_time__RelativeTime_dest__50 -->
        <test-method status="PASS" signature="test_add__RelativeTime_time__RelativeTime_dest__50(jml.javax.safetycritical.RelativeTime, jml.javax.safetycritical.RelativeTime, jml.javax.safetycritical.RelativeTime)[pri:0, instance:jml.javax.safetycritical.RelativeTime_JML_Test@4fd0e9]" name="test_add__RelativeTime_time__RelativeTime_dest__50" duration-ms="0" started-at="2013-06-17T09:09:00Z" data-provider="p_add__RelativeTime_time__RelativeTime_dest__50" depends-on-methods="jml.javax.safetycritical.RelativeTime_JML_Test.test_racEnabled" finished-at="2013-06-17T09:09:00Z">
          <params>
            <param index="0">
              <value>
                <![CDATA[(ms,ns) = (3, 0)]]>
              </value>
            </param>
            <param index="1">
              <value>
                <![CDATA[(ms,ns) = (2, 2)]]>
              </value>
            </param>
            <param index="2">
              <value>
                <![CDATA[(ms,ns) = (4, 2)]]>
              </value>
            </param>
          </params>
          <reporter-output>
          </reporter-output>
        </test-method> <!-- test_add__RelativeTime_time__RelativeTime_dest__50 -->
        <test-method status="PASS" signature="test_add__RelativeTime_time__RelativeTime_dest__50(jml.javax.safetycritical.RelativeTime, jml.javax.safetycritical.RelativeTime, jml.javax.safetycritical.RelativeTime)[pri:0, instance:jml.javax.safetycritical.RelativeTime_JML_Test@4fd0e9]" name="test_add__RelativeTime_time__RelativeTime_dest__50" duration-ms="1" started-at="2013-06-17T09:09:00Z" data-provider="p_add__RelativeTime_time__RelativeTime_dest__50" depends-on-methods="jml.javax.safetycritical.RelativeTime_JML_Test.test_racEnabled" finished-at="2013-06-17T09:09:00Z">
          <params>
            <param index="0">
              <value>
                <![CDATA[(ms,ns) = (3, 1)]]>
              </value>
            </param>
            <param index="1">
              <value>
                <![CDATA[(ms,ns) = (2, 2)]]>
              </value>
            </param>
            <param index="2">
              <value>
                <![CDATA[(ms,ns) = (4, 2)]]>
              </value>
            </param>
          </params>
          <reporter-output>
          </reporter-output>
        </test-method> <!-- test_add__RelativeTime_time__RelativeTime_dest__50 -->
        <test-method status="PASS" signature="test_add__RelativeTime_time__RelativeTime_dest__50(jml.javax.safetycritical.RelativeTime, jml.javax.safetycritical.RelativeTime, jml.javax.safetycritical.RelativeTime)[pri:0, instance:jml.javax.safetycritical.RelativeTime_JML_Test@4fd0e9]" name="test_add__RelativeTime_time__RelativeTime_dest__50" duration-ms="1" started-at="2013-06-17T09:09:00Z" data-provider="p_add__RelativeTime_time__RelativeTime_dest__50" depends-on-methods="jml.javax.safetycritical.RelativeTime_JML_Test.test_racEnabled" finished-at="2013-06-17T09:09:00Z">
          <params>
            <param index="0">
              <value>
                <![CDATA[(ms,ns) = (0, 0)]]>
              </value>
            </param>
            <param index="1">
              <value>
                <![CDATA[(ms,ns) = (1, 1)]]>
              </value>
            </param>
            <param index="2">
              <value>
                <![CDATA[(ms,ns) = (4, 2)]]>
              </value>
            </param>
          </params>
          <reporter-output>
          </reporter-output>
        </test-method> <!-- test_add__RelativeTime_time__RelativeTime_dest__50 -->
        <test-method status="PASS" signature="test_add__RelativeTime_time__RelativeTime_dest__50(jml.javax.safetycritical.RelativeTime, jml.javax.safetycritical.RelativeTime, jml.javax.safetycritical.RelativeTime)[pri:0, instance:jml.javax.safetycritical.RelativeTime_JML_Test@4fd0e9]" name="test_add__RelativeTime_time__RelativeTime_dest__50" duration-ms="2" started-at="2013-06-17T09:09:00Z" data-provider="p_add__RelativeTime_time__RelativeTime_dest__50" depends-on-methods="jml.javax.safetycritical.RelativeTime_JML_Test.test_racEnabled" finished-at="2013-06-17T09:09:00Z">
          <params>
            <param index="0">
              <value>
                <![CDATA[(ms,ns) = (1, 0)]]>
              </value>
            </param>
            <param index="1">
              <value>
                <![CDATA[(ms,ns) = (1, 1)]]>
              </value>
            </param>
            <param index="2">
              <value>
                <![CDATA[(ms,ns) = (4, 2)]]>
              </value>
            </param>
          </params>
          <reporter-output>
          </reporter-output>
        </test-method> <!-- test_add__RelativeTime_time__RelativeTime_dest__50 -->
        <test-method status="PASS" signature="test_add__RelativeTime_time__RelativeTime_dest__50(jml.javax.safetycritical.RelativeTime, jml.javax.safetycritical.RelativeTime, jml.javax.safetycritical.RelativeTime)[pri:0, instance:jml.javax.safetycritical.RelativeTime_JML_Test@4fd0e9]" name="test_add__RelativeTime_time__RelativeTime_dest__50" duration-ms="7" started-at="2013-06-17T09:09:00Z" data-provider="p_add__RelativeTime_time__RelativeTime_dest__50" depends-on-methods="jml.javax.safetycritical.RelativeTime_JML_Test.test_racEnabled" finished-at="2013-06-17T09:09:00Z">
          <params>
            <param index="0">
              <value>
                <![CDATA[(ms,ns) = (1, 1)]]>
              </value>
            </param>
            <param index="1">
              <value>
                <![CDATA[(ms,ns) = (1, 1)]]>
              </value>
            </param>
            <param index="2">
              <value>
                <![CDATA[(ms,ns) = (4, 2)]]>
              </value>
            </param>
          </params>
          <reporter-output>
          </reporter-output>
        </test-method> <!-- test_add__RelativeTime_time__RelativeTime_dest__50 -->
        <test-method status="PASS" signature="test_add__RelativeTime_time__RelativeTime_dest__50(jml.javax.safetycritical.RelativeTime, jml.javax.safetycritical.RelativeTime, jml.javax.safetycritical.RelativeTime)[pri:0, instance:jml.javax.safetycritical.RelativeTime_JML_Test@4fd0e9]" name="test_add__RelativeTime_time__RelativeTime_dest__50" duration-ms="0" started-at="2013-06-17T09:09:00Z" data-provider="p_add__RelativeTime_time__RelativeTime_dest__50" depends-on-methods="jml.javax.safetycritical.RelativeTime_JML_Test.test_racEnabled" finished-at="2013-06-17T09:09:00Z">
          <params>
            <param index="0">
              <value>
                <![CDATA[(ms,ns) = (3, 0)]]>
              </value>
            </param>
            <param index="1">
              <value>
                <![CDATA[(ms,ns) = (1, 1)]]>
              </value>
            </param>
            <param index="2">
              <value>
                <![CDATA[(ms,ns) = (4, 2)]]>
              </value>
            </param>
          </params>
          <reporter-output>
          </reporter-output>
        </test-method> <!-- test_add__RelativeTime_time__RelativeTime_dest__50 -->
        <test-method status="PASS" signature="test_add__RelativeTime_time__RelativeTime_dest__50(jml.javax.safetycritical.RelativeTime, jml.javax.safetycritical.RelativeTime, jml.javax.safetycritical.RelativeTime)[pri:0, instance:jml.javax.safetycritical.RelativeTime_JML_Test@4fd0e9]" name="test_add__RelativeTime_time__RelativeTime_dest__50" duration-ms="3" started-at="2013-06-17T09:09:00Z" data-provider="p_add__RelativeTime_time__RelativeTime_dest__50" depends-on-methods="jml.javax.safetycritical.RelativeTime_JML_Test.test_racEnabled" finished-at="2013-06-17T09:09:00Z">
          <params>
            <param index="0">
              <value>
                <![CDATA[(ms,ns) = (3, 1)]]>
              </value>
            </param>
            <param index="1">
              <value>
                <![CDATA[(ms,ns) = (1, 1)]]>
              </value>
            </param>
            <param index="2">
              <value>
                <![CDATA[(ms,ns) = (4, 2)]]>
              </value>
            </param>
          </params>
          <reporter-output>
          </reporter-output>
        </test-method> <!-- test_add__RelativeTime_time__RelativeTime_dest__50 -->
        <test-method status="PASS" signature="test_add__RelativeTime_time__RelativeTime_dest__50(jml.javax.safetycritical.RelativeTime, jml.javax.safetycritical.RelativeTime, jml.javax.safetycritical.RelativeTime)[pri:0, instance:jml.javax.safetycritical.RelativeTime_JML_Test@4fd0e9]" name="test_add__RelativeTime_time__RelativeTime_dest__50" duration-ms="1" started-at="2013-06-17T09:09:00Z" data-provider="p_add__RelativeTime_time__RelativeTime_dest__50" depends-on-methods="jml.javax.safetycritical.RelativeTime_JML_Test.test_racEnabled" finished-at="2013-06-17T09:09:00Z">
          <params>
            <param index="0">
              <value>
                <![CDATA[(ms,ns) = (7, 7)]]>
              </value>
            </param>
            <param index="1">
              <value>
                <![CDATA[(ms,ns) = (1, 1)]]>
              </value>
            </param>
            <param index="2">
              <value>
                <![CDATA[(ms,ns) = (4, 2)]]>
              </value>
            </param>
          </params>
          <reporter-output>
          </reporter-output>
        </test-method> <!-- test_add__RelativeTime_time__RelativeTime_dest__50 -->
        <test-method status="PASS" signature="test_add__RelativeTime_time__RelativeTime_dest__50(jml.javax.safetycritical.RelativeTime, jml.javax.safetycritical.RelativeTime, jml.javax.safetycritical.RelativeTime)[pri:0, instance:jml.javax.safetycritical.RelativeTime_JML_Test@4fd0e9]" name="test_add__RelativeTime_time__RelativeTime_dest__50" duration-ms="0" started-at="2013-06-17T09:09:00Z" data-provider="p_add__RelativeTime_time__RelativeTime_dest__50" depends-on-methods="jml.javax.safetycritical.RelativeTime_JML_Test.test_racEnabled" finished-at="2013-06-17T09:09:00Z">
          <params>
            <param index="0">
              <value>
                <![CDATA[(ms,ns) = (1, 1)]]>
              </value>
            </param>
            <param index="1">
              <value>
                <![CDATA[(ms,ns) = (1, 1)]]>
              </value>
            </param>
            <param index="2">
              <value>
                <![CDATA[(ms,ns) = (4, 2)]]>
              </value>
            </param>
          </params>
          <reporter-output>
          </reporter-output>
        </test-method> <!-- test_add__RelativeTime_time__RelativeTime_dest__50 -->
        <test-method status="PASS" signature="test_add__RelativeTime_time__RelativeTime_dest__50(jml.javax.safetycritical.RelativeTime, jml.javax.safetycritical.RelativeTime, jml.javax.safetycritical.RelativeTime)[pri:0, instance:jml.javax.safetycritical.RelativeTime_JML_Test@4fd0e9]" name="test_add__RelativeTime_time__RelativeTime_dest__50" duration-ms="0" started-at="2013-06-17T09:09:00Z" data-provider="p_add__RelativeTime_time__RelativeTime_dest__50" depends-on-methods="jml.javax.safetycritical.RelativeTime_JML_Test.test_racEnabled" finished-at="2013-06-17T09:09:00Z">
          <params>
            <param index="0">
              <value>
                <![CDATA[(ms,ns) = (0, 0)]]>
              </value>
            </param>
            <param index="1">
              <value>
                <![CDATA[(ms,ns) = (1, 1)]]>
              </value>
            </param>
            <param index="2">
              <value>
                <![CDATA[(ms,ns) = (4, 2)]]>
              </value>
            </param>
          </params>
          <reporter-output>
          </reporter-output>
        </test-method> <!-- test_add__RelativeTime_time__RelativeTime_dest__50 -->
        <test-method status="PASS" signature="test_add__RelativeTime_time__RelativeTime_dest__50(jml.javax.safetycritical.RelativeTime, jml.javax.safetycritical.RelativeTime, jml.javax.safetycritical.RelativeTime)[pri:0, instance:jml.javax.safetycritical.RelativeTime_JML_Test@4fd0e9]" name="test_add__RelativeTime_time__RelativeTime_dest__50" duration-ms="1" started-at="2013-06-17T09:09:00Z" data-provider="p_add__RelativeTime_time__RelativeTime_dest__50" depends-on-methods="jml.javax.safetycritical.RelativeTime_JML_Test.test_racEnabled" finished-at="2013-06-17T09:09:00Z">
          <params>
            <param index="0">
              <value>
                <![CDATA[(ms,ns) = (0, 0)]]>
              </value>
            </param>
            <param index="1">
              <value>
                <![CDATA[(ms,ns) = (1, 1)]]>
              </value>
            </param>
            <param index="2">
              <value>
                <![CDATA[(ms,ns) = (4, 2)]]>
              </value>
            </param>
          </params>
          <reporter-output>
          </reporter-output>
        </test-method> <!-- test_add__RelativeTime_time__RelativeTime_dest__50 -->
        <test-method status="PASS" signature="test_add__RelativeTime_time__RelativeTime_dest__50(jml.javax.safetycritical.RelativeTime, jml.javax.safetycritical.RelativeTime, jml.javax.safetycritical.RelativeTime)[pri:0, instance:jml.javax.safetycritical.RelativeTime_JML_Test@4fd0e9]" name="test_add__RelativeTime_time__RelativeTime_dest__50" duration-ms="1" started-at="2013-06-17T09:09:00Z" data-provider="p_add__RelativeTime_time__RelativeTime_dest__50" depends-on-methods="jml.javax.safetycritical.RelativeTime_JML_Test.test_racEnabled" finished-at="2013-06-17T09:09:00Z">
          <params>
            <param index="0">
              <value>
                <![CDATA[(ms,ns) = (3, 0)]]>
              </value>
            </param>
            <param index="1">
              <value>
                <![CDATA[(ms,ns) = (1, 1)]]>
              </value>
            </param>
            <param index="2">
              <value>
                <![CDATA[(ms,ns) = (4, 2)]]>
              </value>
            </param>
          </params>
          <reporter-output>
          </reporter-output>
        </test-method> <!-- test_add__RelativeTime_time__RelativeTime_dest__50 -->
        <test-method status="PASS" signature="test_add__RelativeTime_time__RelativeTime_dest__50(jml.javax.safetycritical.RelativeTime, jml.javax.safetycritical.RelativeTime, jml.javax.safetycritical.RelativeTime)[pri:0, instance:jml.javax.safetycritical.RelativeTime_JML_Test@4fd0e9]" name="test_add__RelativeTime_time__RelativeTime_dest__50" duration-ms="0" started-at="2013-06-17T09:09:00Z" data-provider="p_add__RelativeTime_time__RelativeTime_dest__50" depends-on-methods="jml.javax.safetycritical.RelativeTime_JML_Test.test_racEnabled" finished-at="2013-06-17T09:09:00Z">
          <params>
            <param index="0">
              <value>
                <![CDATA[(ms,ns) = (3, 1)]]>
              </value>
            </param>
            <param index="1">
              <value>
                <![CDATA[(ms,ns) = (1, 1)]]>
              </value>
            </param>
            <param index="2">
              <value>
                <![CDATA[(ms,ns) = (4, 2)]]>
              </value>
            </param>
          </params>
          <reporter-output>
          </reporter-output>
        </test-method> <!-- test_add__RelativeTime_time__RelativeTime_dest__50 -->
        <test-method status="PASS" signature="test_add__RelativeTime_time__RelativeTime_dest__50(jml.javax.safetycritical.RelativeTime, jml.javax.safetycritical.RelativeTime, jml.javax.safetycritical.RelativeTime)[pri:0, instance:jml.javax.safetycritical.RelativeTime_JML_Test@4fd0e9]" name="test_add__RelativeTime_time__RelativeTime_dest__50" duration-ms="1" started-at="2013-06-17T09:09:00Z" data-provider="p_add__RelativeTime_time__RelativeTime_dest__50" depends-on-methods="jml.javax.safetycritical.RelativeTime_JML_Test.test_racEnabled" finished-at="2013-06-17T09:09:00Z">
          <params>
            <param index="0">
              <value>
                <![CDATA[(ms,ns) = (0, 0)]]>
              </value>
            </param>
            <param index="1">
              <value>
                <![CDATA[(ms,ns) = (2, 2)]]>
              </value>
            </param>
            <param index="2">
              <value>
                <![CDATA[(ms,ns) = (4, 2)]]>
              </value>
            </param>
          </params>
          <reporter-output>
          </reporter-output>
        </test-method> <!-- test_add__RelativeTime_time__RelativeTime_dest__50 -->
        <test-method status="PASS" signature="test_add__RelativeTime_time__RelativeTime_dest__50(jml.javax.safetycritical.RelativeTime, jml.javax.safetycritical.RelativeTime, jml.javax.safetycritical.RelativeTime)[pri:0, instance:jml.javax.safetycritical.RelativeTime_JML_Test@4fd0e9]" name="test_add__RelativeTime_time__RelativeTime_dest__50" duration-ms="1" started-at="2013-06-17T09:09:00Z" data-provider="p_add__RelativeTime_time__RelativeTime_dest__50" depends-on-methods="jml.javax.safetycritical.RelativeTime_JML_Test.test_racEnabled" finished-at="2013-06-17T09:09:00Z">
          <params>
            <param index="0">
              <value>
                <![CDATA[(ms,ns) = (1, 0)]]>
              </value>
            </param>
            <param index="1">
              <value>
                <![CDATA[(ms,ns) = (2, 2)]]>
              </value>
            </param>
            <param index="2">
              <value>
                <![CDATA[(ms,ns) = (4, 2)]]>
              </value>
            </param>
          </params>
          <reporter-output>
          </reporter-output>
        </test-method> <!-- test_add__RelativeTime_time__RelativeTime_dest__50 -->
        <test-method status="PASS" signature="test_add__RelativeTime_time__RelativeTime_dest__50(jml.javax.safetycritical.RelativeTime, jml.javax.safetycritical.RelativeTime, jml.javax.safetycritical.RelativeTime)[pri:0, instance:jml.javax.safetycritical.RelativeTime_JML_Test@4fd0e9]" name="test_add__RelativeTime_time__RelativeTime_dest__50" duration-ms="1" started-at="2013-06-17T09:09:00Z" data-provider="p_add__RelativeTime_time__RelativeTime_dest__50" depends-on-methods="jml.javax.safetycritical.RelativeTime_JML_Test.test_racEnabled" finished-at="2013-06-17T09:09:00Z">
          <params>
            <param index="0">
              <value>
                <![CDATA[(ms,ns) = (3, 0)]]>
              </value>
            </param>
            <param index="1">
              <value>
                <![CDATA[(ms,ns) = (2, 2)]]>
              </value>
            </param>
            <param index="2">
              <value>
                <![CDATA[(ms,ns) = (4, 2)]]>
              </value>
            </param>
          </params>
          <reporter-output>
          </reporter-output>
        </test-method> <!-- test_add__RelativeTime_time__RelativeTime_dest__50 -->
        <test-method status="PASS" signature="test_add__RelativeTime_time__RelativeTime_dest__50(jml.javax.safetycritical.RelativeTime, jml.javax.safetycritical.RelativeTime, jml.javax.safetycritical.RelativeTime)[pri:0, instance:jml.javax.safetycritical.RelativeTime_JML_Test@4fd0e9]" name="test_add__RelativeTime_time__RelativeTime_dest__50" duration-ms="1" started-at="2013-06-17T09:09:00Z" data-provider="p_add__RelativeTime_time__RelativeTime_dest__50" depends-on-methods="jml.javax.safetycritical.RelativeTime_JML_Test.test_racEnabled" finished-at="2013-06-17T09:09:00Z">
          <params>
            <param index="0">
              <value>
                <![CDATA[(ms,ns) = (1, 1)]]>
              </value>
            </param>
            <param index="1">
              <value>
                <![CDATA[(ms,ns) = (2, 2)]]>
              </value>
            </param>
            <param index="2">
              <value>
                <![CDATA[(ms,ns) = (4, 2)]]>
              </value>
            </param>
          </params>
          <reporter-output>
          </reporter-output>
        </test-method> <!-- test_add__RelativeTime_time__RelativeTime_dest__50 -->
        <test-method status="PASS" signature="test_add__RelativeTime_time__RelativeTime_dest__50(jml.javax.safetycritical.RelativeTime, jml.javax.safetycritical.RelativeTime, jml.javax.safetycritical.RelativeTime)[pri:0, instance:jml.javax.safetycritical.RelativeTime_JML_Test@4fd0e9]" name="test_add__RelativeTime_time__RelativeTime_dest__50" duration-ms="0" started-at="2013-06-17T09:09:00Z" data-provider="p_add__RelativeTime_time__RelativeTime_dest__50" depends-on-methods="jml.javax.safetycritical.RelativeTime_JML_Test.test_racEnabled" finished-at="2013-06-17T09:09:00Z">
          <params>
            <param index="0">
              <value>
                <![CDATA[(ms,ns) = (3, 1)]]>
              </value>
            </param>
            <param index="1">
              <value>
                <![CDATA[(ms,ns) = (2, 2)]]>
              </value>
            </param>
            <param index="2">
              <value>
                <![CDATA[(ms,ns) = (4, 2)]]>
              </value>
            </param>
          </params>
          <reporter-output>
          </reporter-output>
        </test-method> <!-- test_add__RelativeTime_time__RelativeTime_dest__50 -->
        <test-method status="PASS" signature="test_add__RelativeTime_time__RelativeTime_dest__50(jml.javax.safetycritical.RelativeTime, jml.javax.safetycritical.RelativeTime, jml.javax.safetycritical.RelativeTime)[pri:0, instance:jml.javax.safetycritical.RelativeTime_JML_Test@4fd0e9]" name="test_add__RelativeTime_time__RelativeTime_dest__50" duration-ms="1" started-at="2013-06-17T09:09:00Z" data-provider="p_add__RelativeTime_time__RelativeTime_dest__50" depends-on-methods="jml.javax.safetycritical.RelativeTime_JML_Test.test_racEnabled" finished-at="2013-06-17T09:09:00Z">
          <params>
            <param index="0">
              <value>
                <![CDATA[(ms,ns) = (7, 7)]]>
              </value>
            </param>
            <param index="1">
              <value>
                <![CDATA[(ms,ns) = (2, 2)]]>
              </value>
            </param>
            <param index="2">
              <value>
                <![CDATA[(ms,ns) = (4, 2)]]>
              </value>
            </param>
          </params>
          <reporter-output>
          </reporter-output>
        </test-method> <!-- test_add__RelativeTime_time__RelativeTime_dest__50 -->
        <test-method status="PASS" signature="test_add__RelativeTime_time__RelativeTime_dest__50(jml.javax.safetycritical.RelativeTime, jml.javax.safetycritical.RelativeTime, jml.javax.safetycritical.RelativeTime)[pri:0, instance:jml.javax.safetycritical.RelativeTime_JML_Test@4fd0e9]" name="test_add__RelativeTime_time__RelativeTime_dest__50" duration-ms="1" started-at="2013-06-17T09:09:00Z" data-provider="p_add__RelativeTime_time__RelativeTime_dest__50" depends-on-methods="jml.javax.safetycritical.RelativeTime_JML_Test.test_racEnabled" finished-at="2013-06-17T09:09:00Z">
          <params>
            <param index="0">
              <value>
                <![CDATA[(ms,ns) = (1, 1)]]>
              </value>
            </param>
            <param index="1">
              <value>
                <![CDATA[(ms,ns) = (2, 2)]]>
              </value>
            </param>
            <param index="2">
              <value>
                <![CDATA[(ms,ns) = (4, 2)]]>
              </value>
            </param>
          </params>
          <reporter-output>
          </reporter-output>
        </test-method> <!-- test_add__RelativeTime_time__RelativeTime_dest__50 -->
        <test-method status="PASS" signature="test_add__RelativeTime_time__RelativeTime_dest__50(jml.javax.safetycritical.RelativeTime, jml.javax.safetycritical.RelativeTime, jml.javax.safetycritical.RelativeTime)[pri:0, instance:jml.javax.safetycritical.RelativeTime_JML_Test@4fd0e9]" name="test_add__RelativeTime_time__RelativeTime_dest__50" duration-ms="0" started-at="2013-06-17T09:09:00Z" data-provider="p_add__RelativeTime_time__RelativeTime_dest__50" depends-on-methods="jml.javax.safetycritical.RelativeTime_JML_Test.test_racEnabled" finished-at="2013-06-17T09:09:00Z">
          <params>
            <param index="0">
              <value>
                <![CDATA[(ms,ns) = (0, 0)]]>
              </value>
            </param>
            <param index="1">
              <value>
                <![CDATA[(ms,ns) = (2, 2)]]>
              </value>
            </param>
            <param index="2">
              <value>
                <![CDATA[(ms,ns) = (4, 2)]]>
              </value>
            </param>
          </params>
          <reporter-output>
          </reporter-output>
        </test-method> <!-- test_add__RelativeTime_time__RelativeTime_dest__50 -->
        <test-method status="PASS" signature="test_add__RelativeTime_time__RelativeTime_dest__50(jml.javax.safetycritical.RelativeTime, jml.javax.safetycritical.RelativeTime, jml.javax.safetycritical.RelativeTime)[pri:0, instance:jml.javax.safetycritical.RelativeTime_JML_Test@4fd0e9]" name="test_add__RelativeTime_time__RelativeTime_dest__50" duration-ms="0" started-at="2013-06-17T09:09:00Z" data-provider="p_add__RelativeTime_time__RelativeTime_dest__50" depends-on-methods="jml.javax.safetycritical.RelativeTime_JML_Test.test_racEnabled" finished-at="2013-06-17T09:09:00Z">
          <params>
            <param index="0">
              <value>
                <![CDATA[(ms,ns) = (0, 0)]]>
              </value>
            </param>
            <param index="1">
              <value>
                <![CDATA[(ms,ns) = (2, 2)]]>
              </value>
            </param>
            <param index="2">
              <value>
                <![CDATA[(ms,ns) = (4, 2)]]>
              </value>
            </param>
          </params>
          <reporter-output>
          </reporter-output>
        </test-method> <!-- test_add__RelativeTime_time__RelativeTime_dest__50 -->
        <test-method status="PASS" signature="test_add__RelativeTime_time__RelativeTime_dest__50(jml.javax.safetycritical.RelativeTime, jml.javax.safetycritical.RelativeTime, jml.javax.safetycritical.RelativeTime)[pri:0, instance:jml.javax.safetycritical.RelativeTime_JML_Test@4fd0e9]" name="test_add__RelativeTime_time__RelativeTime_dest__50" duration-ms="0" started-at="2013-06-17T09:09:00Z" data-provider="p_add__RelativeTime_time__RelativeTime_dest__50" depends-on-methods="jml.javax.safetycritical.RelativeTime_JML_Test.test_racEnabled" finished-at="2013-06-17T09:09:00Z">
          <params>
            <param index="0">
              <value>
                <![CDATA[(ms,ns) = (3, 0)]]>
              </value>
            </param>
            <param index="1">
              <value>
                <![CDATA[(ms,ns) = (2, 2)]]>
              </value>
            </param>
            <param index="2">
              <value>
                <![CDATA[(ms,ns) = (4, 2)]]>
              </value>
            </param>
          </params>
          <reporter-output>
          </reporter-output>
        </test-method> <!-- test_add__RelativeTime_time__RelativeTime_dest__50 -->
        <test-method status="PASS" signature="test_add__RelativeTime_time__RelativeTime_dest__50(jml.javax.safetycritical.RelativeTime, jml.javax.safetycritical.RelativeTime, jml.javax.safetycritical.RelativeTime)[pri:0, instance:jml.javax.safetycritical.RelativeTime_JML_Test@4fd0e9]" name="test_add__RelativeTime_time__RelativeTime_dest__50" duration-ms="2" started-at="2013-06-17T09:09:00Z" data-provider="p_add__RelativeTime_time__RelativeTime_dest__50" depends-on-methods="jml.javax.safetycritical.RelativeTime_JML_Test.test_racEnabled" finished-at="2013-06-17T09:09:00Z">
          <params>
            <param index="0">
              <value>
                <![CDATA[(ms,ns) = (3, 1)]]>
              </value>
            </param>
            <param index="1">
              <value>
                <![CDATA[(ms,ns) = (2, 2)]]>
              </value>
            </param>
            <param index="2">
              <value>
                <![CDATA[(ms,ns) = (4, 2)]]>
              </value>
            </param>
          </params>
          <reporter-output>
          </reporter-output>
        </test-method> <!-- test_add__RelativeTime_time__RelativeTime_dest__50 -->
        <test-method status="PASS" signature="test_add__RelativeTime_time__RelativeTime_dest__50(jml.javax.safetycritical.RelativeTime, jml.javax.safetycritical.RelativeTime, jml.javax.safetycritical.RelativeTime)[pri:0, instance:jml.javax.safetycritical.RelativeTime_JML_Test@4fd0e9]" name="test_add__RelativeTime_time__RelativeTime_dest__50" duration-ms="1" started-at="2013-06-17T09:09:00Z" data-provider="p_add__RelativeTime_time__RelativeTime_dest__50" depends-on-methods="jml.javax.safetycritical.RelativeTime_JML_Test.test_racEnabled" finished-at="2013-06-17T09:09:00Z">
          <params>
            <param index="0">
              <value>
                <![CDATA[(ms,ns) = (0, 0)]]>
              </value>
            </param>
            <param index="1">
              <value>
                <![CDATA[(ms,ns) = (1, 1)]]>
              </value>
            </param>
            <param index="2">
              <value>
                <![CDATA[(ms,ns) = (4, 2)]]>
              </value>
            </param>
          </params>
          <reporter-output>
          </reporter-output>
        </test-method> <!-- test_add__RelativeTime_time__RelativeTime_dest__50 -->
        <test-method status="PASS" signature="test_add__RelativeTime_time__RelativeTime_dest__50(jml.javax.safetycritical.RelativeTime, jml.javax.safetycritical.RelativeTime, jml.javax.safetycritical.RelativeTime)[pri:0, instance:jml.javax.safetycritical.RelativeTime_JML_Test@4fd0e9]" name="test_add__RelativeTime_time__RelativeTime_dest__50" duration-ms="1" started-at="2013-06-17T09:09:00Z" data-provider="p_add__RelativeTime_time__RelativeTime_dest__50" depends-on-methods="jml.javax.safetycritical.RelativeTime_JML_Test.test_racEnabled" finished-at="2013-06-17T09:09:00Z">
          <params>
            <param index="0">
              <value>
                <![CDATA[(ms,ns) = (1, 0)]]>
              </value>
            </param>
            <param index="1">
              <value>
                <![CDATA[(ms,ns) = (1, 1)]]>
              </value>
            </param>
            <param index="2">
              <value>
                <![CDATA[(ms,ns) = (4, 2)]]>
              </value>
            </param>
          </params>
          <reporter-output>
          </reporter-output>
        </test-method> <!-- test_add__RelativeTime_time__RelativeTime_dest__50 -->
        <test-method status="PASS" signature="test_add__RelativeTime_time__RelativeTime_dest__50(jml.javax.safetycritical.RelativeTime, jml.javax.safetycritical.RelativeTime, jml.javax.safetycritical.RelativeTime)[pri:0, instance:jml.javax.safetycritical.RelativeTime_JML_Test@4fd0e9]" name="test_add__RelativeTime_time__RelativeTime_dest__50" duration-ms="2" started-at="2013-06-17T09:09:00Z" data-provider="p_add__RelativeTime_time__RelativeTime_dest__50" depends-on-methods="jml.javax.safetycritical.RelativeTime_JML_Test.test_racEnabled" finished-at="2013-06-17T09:09:00Z">
          <params>
            <param index="0">
              <value>
                <![CDATA[(ms,ns) = (3, 0)]]>
              </value>
            </param>
            <param index="1">
              <value>
                <![CDATA[(ms,ns) = (1, 1)]]>
              </value>
            </param>
            <param index="2">
              <value>
                <![CDATA[(ms,ns) = (4, 2)]]>
              </value>
            </param>
          </params>
          <reporter-output>
          </reporter-output>
        </test-method> <!-- test_add__RelativeTime_time__RelativeTime_dest__50 -->
        <test-method status="PASS" signature="test_add__RelativeTime_time__RelativeTime_dest__50(jml.javax.safetycritical.RelativeTime, jml.javax.safetycritical.RelativeTime, jml.javax.safetycritical.RelativeTime)[pri:0, instance:jml.javax.safetycritical.RelativeTime_JML_Test@4fd0e9]" name="test_add__RelativeTime_time__RelativeTime_dest__50" duration-ms="1" started-at="2013-06-17T09:09:00Z" data-provider="p_add__RelativeTime_time__RelativeTime_dest__50" depends-on-methods="jml.javax.safetycritical.RelativeTime_JML_Test.test_racEnabled" finished-at="2013-06-17T09:09:00Z">
          <params>
            <param index="0">
              <value>
                <![CDATA[(ms,ns) = (1, 1)]]>
              </value>
            </param>
            <param index="1">
              <value>
                <![CDATA[(ms,ns) = (1, 1)]]>
              </value>
            </param>
            <param index="2">
              <value>
                <![CDATA[(ms,ns) = (4, 2)]]>
              </value>
            </param>
          </params>
          <reporter-output>
          </reporter-output>
        </test-method> <!-- test_add__RelativeTime_time__RelativeTime_dest__50 -->
        <test-method status="PASS" signature="test_add__RelativeTime_time__RelativeTime_dest__50(jml.javax.safetycritical.RelativeTime, jml.javax.safetycritical.RelativeTime, jml.javax.safetycritical.RelativeTime)[pri:0, instance:jml.javax.safetycritical.RelativeTime_JML_Test@4fd0e9]" name="test_add__RelativeTime_time__RelativeTime_dest__50" duration-ms="1" started-at="2013-06-17T09:09:00Z" data-provider="p_add__RelativeTime_time__RelativeTime_dest__50" depends-on-methods="jml.javax.safetycritical.RelativeTime_JML_Test.test_racEnabled" finished-at="2013-06-17T09:09:00Z">
          <params>
            <param index="0">
              <value>
                <![CDATA[(ms,ns) = (3, 1)]]>
              </value>
            </param>
            <param index="1">
              <value>
                <![CDATA[(ms,ns) = (1, 1)]]>
              </value>
            </param>
            <param index="2">
              <value>
                <![CDATA[(ms,ns) = (4, 2)]]>
              </value>
            </param>
          </params>
          <reporter-output>
          </reporter-output>
        </test-method> <!-- test_add__RelativeTime_time__RelativeTime_dest__50 -->
        <test-method status="PASS" signature="test_add__RelativeTime_time__RelativeTime_dest__50(jml.javax.safetycritical.RelativeTime, jml.javax.safetycritical.RelativeTime, jml.javax.safetycritical.RelativeTime)[pri:0, instance:jml.javax.safetycritical.RelativeTime_JML_Test@4fd0e9]" name="test_add__RelativeTime_time__RelativeTime_dest__50" duration-ms="1" started-at="2013-06-17T09:09:00Z" data-provider="p_add__RelativeTime_time__RelativeTime_dest__50" depends-on-methods="jml.javax.safetycritical.RelativeTime_JML_Test.test_racEnabled" finished-at="2013-06-17T09:09:00Z">
          <params>
            <param index="0">
              <value>
                <![CDATA[(ms,ns) = (7, 7)]]>
              </value>
            </param>
            <param index="1">
              <value>
                <![CDATA[(ms,ns) = (1, 1)]]>
              </value>
            </param>
            <param index="2">
              <value>
                <![CDATA[(ms,ns) = (4, 2)]]>
              </value>
            </param>
          </params>
          <reporter-output>
          </reporter-output>
        </test-method> <!-- test_add__RelativeTime_time__RelativeTime_dest__50 -->
        <test-method status="PASS" signature="test_add__RelativeTime_time__RelativeTime_dest__50(jml.javax.safetycritical.RelativeTime, jml.javax.safetycritical.RelativeTime, jml.javax.safetycritical.RelativeTime)[pri:0, instance:jml.javax.safetycritical.RelativeTime_JML_Test@4fd0e9]" name="test_add__RelativeTime_time__RelativeTime_dest__50" duration-ms="0" started-at="2013-06-17T09:09:00Z" data-provider="p_add__RelativeTime_time__RelativeTime_dest__50" depends-on-methods="jml.javax.safetycritical.RelativeTime_JML_Test.test_racEnabled" finished-at="2013-06-17T09:09:00Z">
          <params>
            <param index="0">
              <value>
                <![CDATA[(ms,ns) = (1, 1)]]>
              </value>
            </param>
            <param index="1">
              <value>
                <![CDATA[(ms,ns) = (1, 1)]]>
              </value>
            </param>
            <param index="2">
              <value>
                <![CDATA[(ms,ns) = (4, 2)]]>
              </value>
            </param>
          </params>
          <reporter-output>
          </reporter-output>
        </test-method> <!-- test_add__RelativeTime_time__RelativeTime_dest__50 -->
        <test-method status="PASS" signature="test_add__RelativeTime_time__RelativeTime_dest__50(jml.javax.safetycritical.RelativeTime, jml.javax.safetycritical.RelativeTime, jml.javax.safetycritical.RelativeTime)[pri:0, instance:jml.javax.safetycritical.RelativeTime_JML_Test@4fd0e9]" name="test_add__RelativeTime_time__RelativeTime_dest__50" duration-ms="0" started-at="2013-06-17T09:09:00Z" data-provider="p_add__RelativeTime_time__RelativeTime_dest__50" depends-on-methods="jml.javax.safetycritical.RelativeTime_JML_Test.test_racEnabled" finished-at="2013-06-17T09:09:00Z">
          <params>
            <param index="0">
              <value>
                <![CDATA[(ms,ns) = (0, 0)]]>
              </value>
            </param>
            <param index="1">
              <value>
                <![CDATA[(ms,ns) = (1, 1)]]>
              </value>
            </param>
            <param index="2">
              <value>
                <![CDATA[(ms,ns) = (4, 2)]]>
              </value>
            </param>
          </params>
          <reporter-output>
          </reporter-output>
        </test-method> <!-- test_add__RelativeTime_time__RelativeTime_dest__50 -->
        <test-method status="PASS" signature="test_add__RelativeTime_time__RelativeTime_dest__50(jml.javax.safetycritical.RelativeTime, jml.javax.safetycritical.RelativeTime, jml.javax.safetycritical.RelativeTime)[pri:0, instance:jml.javax.safetycritical.RelativeTime_JML_Test@4fd0e9]" name="test_add__RelativeTime_time__RelativeTime_dest__50" duration-ms="0" started-at="2013-06-17T09:09:00Z" data-provider="p_add__RelativeTime_time__RelativeTime_dest__50" depends-on-methods="jml.javax.safetycritical.RelativeTime_JML_Test.test_racEnabled" finished-at="2013-06-17T09:09:00Z">
          <params>
            <param index="0">
              <value>
                <![CDATA[(ms,ns) = (0, 0)]]>
              </value>
            </param>
            <param index="1">
              <value>
                <![CDATA[(ms,ns) = (1, 1)]]>
              </value>
            </param>
            <param index="2">
              <value>
                <![CDATA[(ms,ns) = (4, 2)]]>
              </value>
            </param>
          </params>
          <reporter-output>
[...]
          <params>
            <param index="0">
              <value>
                <![CDATA[(ms,ns) = (7, 7)]]>
              </value>
            </param>
            <param index="1">
              <value>
                <![CDATA[(ms,ns) = (2, 2)]]>
              </value>
            </param>
            <param index="2">
              <value>
                <![CDATA[(ms,ns) = (2, 0)]]>
              </value>
            </param>
          </params>
          <reporter-output>
          </reporter-output>
        </test-method> <!-- test_subtract__RelativeTime_time__RelativeTime_dest__50 -->
        <test-method status="PASS" signature="test_subtract__RelativeTime_time__RelativeTime_dest__50(jml.javax.safetycritical.RelativeTime, jml.javax.safetycritical.RelativeTime, jml.javax.safetycritical.RelativeTime)[pri:0, instance:jml.javax.safetycritical.RelativeTime_JML_Test@4fd0e9]" name="test_subtract__RelativeTime_time__RelativeTime_dest__50" duration-ms="0" started-at="2013-06-17T09:09:00Z" data-provider="p_subtract__RelativeTime_time__RelativeTime_dest__50" depends-on-methods="jml.javax.safetycritical.RelativeTime_JML_Test.test_racEnabled" finished-at="2013-06-17T09:09:00Z">
          <params>
            <param index="0">
              <value>
                <![CDATA[(ms,ns) = (1, 1)]]>
              </value>
            </param>
            <param index="1">
              <value>
                <![CDATA[(ms,ns) = (2, 2)]]>
              </value>
            </param>
            <param index="2">
              <value>
                <![CDATA[(ms,ns) = (2, 0)]]>
              </value>
            </param>
          </params>
          <reporter-output>
          </reporter-output>
        </test-method> <!-- test_subtract__RelativeTime_time__RelativeTime_dest__50 -->
        <test-method status="PASS" signature="test_subtract__RelativeTime_time__RelativeTime_dest__50(jml.javax.safetycritical.RelativeTime, jml.javax.safetycritical.RelativeTime, jml.javax.safetycritical.RelativeTime)[pri:0, instance:jml.javax.safetycritical.RelativeTime_JML_Test@4fd0e9]" name="test_subtract__RelativeTime_time__RelativeTime_dest__50" duration-ms="0" started-at="2013-06-17T09:09:00Z" data-provider="p_subtract__RelativeTime_time__RelativeTime_dest__50" depends-on-methods="jml.javax.safetycritical.RelativeTime_JML_Test.test_racEnabled" finished-at="2013-06-17T09:09:00Z">
          <params>
            <param index="0">
              <value>
                <![CDATA[(ms,ns) = (0, 0)]]>
              </value>
            </param>
            <param index="1">
              <value>
                <![CDATA[(ms,ns) = (2, 2)]]>
              </value>
            </param>
            <param index="2">
              <value>
                <![CDATA[(ms,ns) = (2, 0)]]>
              </value>
            </param>
          </params>
          <reporter-output>
          </reporter-output>
        </test-method> <!-- test_subtract__RelativeTime_time__RelativeTime_dest__50 -->
        <test-method status="PASS" signature="test_subtract__RelativeTime_time__RelativeTime_dest__50(jml.javax.safetycritical.RelativeTime, jml.javax.safetycritical.RelativeTime, jml.javax.safetycritical.RelativeTime)[pri:0, instance:jml.javax.safetycritical.RelativeTime_JML_Test@4fd0e9]" name="test_subtract__RelativeTime_time__RelativeTime_dest__50" duration-ms="0" started-at="2013-06-17T09:09:00Z" data-provider="p_subtract__RelativeTime_time__RelativeTime_dest__50" depends-on-methods="jml.javax.safetycritical.RelativeTime_JML_Test.test_racEnabled" finished-at="2013-06-17T09:09:00Z">
          <params>
            <param index="0">
              <value>
                <![CDATA[(ms,ns) = (0, 0)]]>
              </value>
            </param>
            <param index="1">
              <value>
                <![CDATA[(ms,ns) = (2, 2)]]>
              </value>
            </param>
            <param index="2">
              <value>
                <![CDATA[(ms,ns) = (2, 0)]]>
              </value>
            </param>
          </params>
          <reporter-output>
          </reporter-output>
        </test-method> <!-- test_subtract__RelativeTime_time__RelativeTime_dest__50 -->
        <test-method status="PASS" signature="test_subtract__RelativeTime_time__RelativeTime_dest__50(jml.javax.safetycritical.RelativeTime, jml.javax.safetycritical.RelativeTime, jml.javax.safetycritical.RelativeTime)[pri:0, instance:jml.javax.safetycritical.RelativeTime_JML_Test@4fd0e9]" name="test_subtract__RelativeTime_time__RelativeTime_dest__50" duration-ms="1" started-at="2013-06-17T09:09:00Z" data-provider="p_subtract__RelativeTime_time__RelativeTime_dest__50" depends-on-methods="jml.javax.safetycritical.RelativeTime_JML_Test.test_racEnabled" finished-at="2013-06-17T09:09:00Z">
          <params>
            <param index="0">
              <value>
                <![CDATA[(ms,ns) = (3, 0)]]>
              </value>
            </param>
            <param index="1">
              <value>
                <![CDATA[(ms,ns) = (2, 2)]]>
              </value>
            </param>
            <param index="2">
              <value>
                <![CDATA[(ms,ns) = (2, 0)]]>
              </value>
            </param>
          </params>
          <reporter-output>
          </reporter-output>
        </test-method> <!-- test_subtract__RelativeTime_time__RelativeTime_dest__50 -->
        <test-method status="PASS" signature="test_subtract__RelativeTime_time__RelativeTime_dest__50(jml.javax.safetycritical.RelativeTime, jml.javax.safetycritical.RelativeTime, jml.javax.safetycritical.RelativeTime)[pri:0, instance:jml.javax.safetycritical.RelativeTime_JML_Test@4fd0e9]" name="test_subtract__RelativeTime_time__RelativeTime_dest__50" duration-ms="3" started-at="2013-06-17T09:09:00Z" data-provider="p_subtract__RelativeTime_time__RelativeTime_dest__50" depends-on-methods="jml.javax.safetycritical.RelativeTime_JML_Test.test_racEnabled" finished-at="2013-06-17T09:09:00Z">
          <params>
            <param index="0">
              <value>
                <![CDATA[(ms,ns) = (0, 0)]]>
              </value>
            </param>
            <param index="1">
              <value>
                <![CDATA[(ms,ns) = (1, 1)]]>
              </value>
            </param>
            <param index="2">
              <value>
                <![CDATA[(ms,ns) = (2, 0)]]>
              </value>
            </param>
          </params>
          <reporter-output>
          </reporter-output>
        </test-method> <!-- test_subtract__RelativeTime_time__RelativeTime_dest__50 -->
        <test-method status="PASS" signature="test_subtract__RelativeTime_time__RelativeTime_dest__50(jml.javax.safetycritical.RelativeTime, jml.javax.safetycritical.RelativeTime, jml.javax.safetycritical.RelativeTime)[pri:0, instance:jml.javax.safetycritical.RelativeTime_JML_Test@4fd0e9]" name="test_subtract__RelativeTime_time__RelativeTime_dest__50" duration-ms="0" started-at="2013-06-17T09:09:00Z" data-provider="p_subtract__RelativeTime_time__RelativeTime_dest__50" depends-on-methods="jml.javax.safetycritical.RelativeTime_JML_Test.test_racEnabled" finished-at="2013-06-17T09:09:00Z">
          <params>
            <param index="0">
              <value>
                <![CDATA[(ms,ns) = (3, 1)]]>
              </value>
            </param>
            <param index="1">
              <value>
                <![CDATA[(ms,ns) = (2, 2)]]>
              </value>
            </param>
            <param index="2">
              <value>
                <![CDATA[(ms,ns) = (2, 0)]]>
              </value>
            </param>
          </params>
          <reporter-output>
          </reporter-output>
        </test-method> <!-- test_subtract__RelativeTime_time__RelativeTime_dest__50 -->
        <test-method status="PASS" signature="test_subtract__RelativeTime_time__RelativeTime_dest__50(jml.javax.safetycritical.RelativeTime, jml.javax.safetycritical.RelativeTime, jml.javax.safetycritical.RelativeTime)[pri:0, instance:jml.javax.safetycritical.RelativeTime_JML_Test@4fd0e9]" name="test_subtract__RelativeTime_time__RelativeTime_dest__50" duration-ms="0" started-at="2013-06-17T09:09:00Z" data-provider="p_subtract__RelativeTime_time__RelativeTime_dest__50" depends-on-methods="jml.javax.safetycritical.RelativeTime_JML_Test.test_racEnabled" finished-at="2013-06-17T09:09:00Z">
          <params>
            <param index="0">
              <value>
                <![CDATA[(ms,ns) = (1, 0)]]>
              </value>
            </param>
            <param index="1">
              <value>
                <![CDATA[(ms,ns) = (1, 1)]]>
              </value>
            </param>
            <param index="2">
              <value>
                <![CDATA[(ms,ns) = (2, 0)]]>
              </value>
            </param>
          </params>
          <reporter-output>
          </reporter-output>
        </test-method> <!-- test_subtract__RelativeTime_time__RelativeTime_dest__50 -->
        <test-method status="PASS" signature="test_subtract__RelativeTime_time__RelativeTime_dest__50(jml.javax.safetycritical.RelativeTime, jml.javax.safetycritical.RelativeTime, jml.javax.safetycritical.RelativeTime)[pri:0, instance:jml.javax.safetycritical.RelativeTime_JML_Test@4fd0e9]" name="test_subtract__RelativeTime_time__RelativeTime_dest__50" duration-ms="3" started-at="2013-06-17T09:09:00Z" data-provider="p_subtract__RelativeTime_time__RelativeTime_dest__50" depends-on-methods="jml.javax.safetycritical.RelativeTime_JML_Test.test_racEnabled" finished-at="2013-06-17T09:09:00Z">
          <params>
            <param index="0">
              <value>
                <![CDATA[(ms,ns) = (1, 1)]]>
              </value>
            </param>
            <param index="1">
              <value>
                <![CDATA[(ms,ns) = (1, 1)]]>
              </value>
            </param>
            <param index="2">
              <value>
                <![CDATA[(ms,ns) = (2, 0)]]>
              </value>
            </param>
          </params>
          <reporter-output>
          </reporter-output>
        </test-method> <!-- test_subtract__RelativeTime_time__RelativeTime_dest__50 -->
        <test-method status="PASS" signature="test_subtract__RelativeTime_time__RelativeTime_dest__50(jml.javax.safetycritical.RelativeTime, jml.javax.safetycritical.RelativeTime, jml.javax.safetycritical.RelativeTime)[pri:0, instance:jml.javax.safetycritical.RelativeTime_JML_Test@4fd0e9]" name="test_subtract__RelativeTime_time__RelativeTime_dest__50" duration-ms="0" started-at="2013-06-17T09:09:00Z" data-provider="p_subtract__RelativeTime_time__RelativeTime_dest__50" depends-on-methods="jml.javax.safetycritical.RelativeTime_JML_Test.test_racEnabled" finished-at="2013-06-17T09:09:00Z">
          <params>
            <param index="0">
              <value>
                <![CDATA[(ms,ns) = (3, 0)]]>
              </value>
            </param>
            <param index="1">
              <value>
                <![CDATA[(ms,ns) = (1, 1)]]>
              </value>
            </param>
            <param index="2">
              <value>
                <![CDATA[(ms,ns) = (2, 0)]]>
              </value>
            </param>
          </params>
          <reporter-output>
          </reporter-output>
        </test-method> <!-- test_subtract__RelativeTime_time__RelativeTime_dest__50 -->
        <test-method status="PASS" signature="test_subtract__RelativeTime_time__RelativeTime_dest__50(jml.javax.safetycritical.RelativeTime, jml.javax.safetycritical.RelativeTime, jml.javax.safetycritical.RelativeTime)[pri:0, instance:jml.javax.safetycritical.RelativeTime_JML_Test@4fd0e9]" name="test_subtract__RelativeTime_time__RelativeTime_dest__50" duration-ms="0" started-at="2013-06-17T09:09:00Z" data-provider="p_subtract__RelativeTime_time__RelativeTime_dest__50" depends-on-methods="jml.javax.safetycritical.RelativeTime_JML_Test.test_racEnabled" finished-at="2013-06-17T09:09:00Z">
          <params>
            <param index="0">
              <value>
                <![CDATA[(ms,ns) = (3, 1)]]>
              </value>
            </param>
            <param index="1">
              <value>
                <![CDATA[(ms,ns) = (1, 1)]]>
              </value>
            </param>
            <param index="2">
              <value>
                <![CDATA[(ms,ns) = (2, 0)]]>
              </value>
            </param>
          </params>
          <reporter-output>
          </reporter-output>
        </test-method> <!-- test_subtract__RelativeTime_time__RelativeTime_dest__50 -->
        <test-method status="PASS" signature="test_subtract__RelativeTime_time__RelativeTime_dest__50(jml.javax.safetycritical.RelativeTime, jml.javax.safetycritical.RelativeTime, jml.javax.safetycritical.RelativeTime)[pri:0, instance:jml.javax.safetycritical.RelativeTime_JML_Test@4fd0e9]" name="test_subtract__RelativeTime_time__RelativeTime_dest__50" duration-ms="0" started-at="2013-06-17T09:09:00Z" data-provider="p_subtract__RelativeTime_time__RelativeTime_dest__50" depends-on-methods="jml.javax.safetycritical.RelativeTime_JML_Test.test_racEnabled" finished-at="2013-06-17T09:09:00Z">
          <params>
            <param index="0">
              <value>
                <![CDATA[(ms,ns) = (7, 7)]]>
              </value>
            </param>
            <param index="1">
              <value>
                <![CDATA[(ms,ns) = (1, 1)]]>
              </value>
            </param>
            <param index="2">
              <value>
                <![CDATA[(ms,ns) = (2, 0)]]>
              </value>
            </param>
          </params>
          <reporter-output>
          </reporter-output>
        </test-method> <!-- test_subtract__RelativeTime_time__RelativeTime_dest__50 -->
        <test-method status="PASS" signature="test_subtract__RelativeTime_time__RelativeTime_dest__50(jml.javax.safetycritical.RelativeTime, jml.javax.safetycritical.RelativeTime, jml.javax.safetycritical.RelativeTime)[pri:0, instance:jml.javax.safetycritical.RelativeTime_JML_Test@4fd0e9]" name="test_subtract__RelativeTime_time__RelativeTime_dest__50" duration-ms="1" started-at="2013-06-17T09:09:00Z" data-provider="p_subtract__RelativeTime_time__RelativeTime_dest__50" depends-on-methods="jml.javax.safetycritical.RelativeTime_JML_Test.test_racEnabled" finished-at="2013-06-17T09:09:00Z">
          <params>
            <param index="0">
              <value>
                <![CDATA[(ms,ns) = (1, 1)]]>
              </value>
            </param>
            <param index="1">
              <value>
                <![CDATA[(ms,ns) = (1, 1)]]>
              </value>
            </param>
            <param index="2">
              <value>
                <![CDATA[(ms,ns) = (2, 0)]]>
              </value>
            </param>
          </params>
          <reporter-output>
          </reporter-output>
        </test-method> <!-- test_subtract__RelativeTime_time__RelativeTime_dest__50 -->
        <test-method status="PASS" signature="test_subtract__RelativeTime_time__RelativeTime_dest__50(jml.javax.safetycritical.RelativeTime, jml.javax.safetycritical.RelativeTime, jml.javax.safetycritical.RelativeTime)[pri:0, instance:jml.javax.safetycritical.RelativeTime_JML_Test@4fd0e9]" name="test_subtract__RelativeTime_time__RelativeTime_dest__50" duration-ms="1" started-at="2013-06-17T09:09:00Z" data-provider="p_subtract__RelativeTime_time__RelativeTime_dest__50" depends-on-methods="jml.javax.safetycritical.RelativeTime_JML_Test.test_racEnabled" finished-at="2013-06-17T09:09:00Z">
          <params>
            <param index="0">
              <value>
                <![CDATA[(ms,ns) = (0, 0)]]>
              </value>
            </param>
            <param index="1">
              <value>
                <![CDATA[(ms,ns) = (1, 1)]]>
              </value>
            </param>
            <param index="2">
              <value>
                <![CDATA[(ms,ns) = (2, 0)]]>
              </value>
            </param>
          </params>
          <reporter-output>
          </reporter-output>
        </test-method> <!-- test_subtract__RelativeTime_time__RelativeTime_dest__50 -->
        <test-method status="PASS" signature="test_subtract__RelativeTime_time__RelativeTime_dest__50(jml.javax.safetycritical.RelativeTime, jml.javax.safetycritical.RelativeTime, jml.javax.safetycritical.RelativeTime)[pri:0, instance:jml.javax.safetycritical.RelativeTime_JML_Test@4fd0e9]" name="test_subtract__RelativeTime_time__RelativeTime_dest__50" duration-ms="3" started-at="2013-06-17T09:09:00Z" data-provider="p_subtract__RelativeTime_time__RelativeTime_dest__50" depends-on-methods="jml.javax.safetycritical.RelativeTime_JML_Test.test_racEnabled" finished-at="2013-06-17T09:09:00Z">
          <params>
            <param index="0">
              <value>
                <![CDATA[(ms,ns) = (3, 0)]]>
              </value>
            </param>
            <param index="1">
              <value>
                <![CDATA[(ms,ns) = (1, 1)]]>
              </value>
            </param>
            <param index="2">
              <value>
                <![CDATA[(ms,ns) = (2, 0)]]>
              </value>
            </param>
          </params>
          <reporter-output>
          </reporter-output>
        </test-method> <!-- test_subtract__RelativeTime_time__RelativeTime_dest__50 -->
        <test-method status="PASS" signature="test_subtract__RelativeTime_time__RelativeTime_dest__50(jml.javax.safetycritical.RelativeTime, jml.javax.safetycritical.RelativeTime, jml.javax.safetycritical.RelativeTime)[pri:0, instance:jml.javax.safetycritical.RelativeTime_JML_Test@4fd0e9]" name="test_subtract__RelativeTime_time__RelativeTime_dest__50" duration-ms="0" started-at="2013-06-17T09:09:00Z" data-provider="p_subtract__RelativeTime_time__RelativeTime_dest__50" depends-on-methods="jml.javax.safetycritical.RelativeTime_JML_Test.test_racEnabled" finished-at="2013-06-17T09:09:00Z">
          <params>
            <param index="0">
              <value>
                <![CDATA[(ms,ns) = (0, 0)]]>
              </value>
            </param>
            <param index="1">
              <value>
                <![CDATA[(ms,ns) = (1, 1)]]>
              </value>
            </param>
            <param index="2">
              <value>
                <![CDATA[(ms,ns) = (2, 0)]]>
              </value>
            </param>
          </params>
          <reporter-output>
          </reporter-output>
        </test-method> <!-- test_subtract__RelativeTime_time__RelativeTime_dest__50 -->
        <test-method status="PASS" signature="test_subtract__RelativeTime_time__RelativeTime_dest__50(jml.javax.safetycritical.RelativeTime, jml.javax.safetycritical.RelativeTime, jml.javax.safetycritical.RelativeTime)[pri:0, instance:jml.javax.safetycritical.RelativeTime_JML_Test@4fd0e9]" name="test_subtract__RelativeTime_time__RelativeTime_dest__50" duration-ms="1" started-at="2013-06-17T09:09:00Z" data-provider="p_subtract__RelativeTime_time__RelativeTime_dest__50" depends-on-methods="jml.javax.safetycritical.RelativeTime_JML_Test.test_racEnabled" finished-at="2013-06-17T09:09:00Z">
          <params>
            <param index="0">
              <value>
                <![CDATA[(ms,ns) = (3, 1)]]>
              </value>
            </param>
            <param index="1">
              <value>
                <![CDATA[(ms,ns) = (1, 1)]]>
              </value>
            </param>
            <param index="2">
              <value>
                <![CDATA[(ms,ns) = (2, 0)]]>
              </value>
            </param>
          </params>
          <reporter-output>
          </reporter-output>
        </test-method> <!-- test_subtract__RelativeTime_time__RelativeTime_dest__50 -->
      </class> <!-- jml.javax.safetycritical.RelativeTime_JML_Test -->
    </test> <!-- Default test -->
  </suite> <!-- Default suite -->
</testng-results>
